Removed Pin From Net: NetName=CELL12 Pin=Q1-1
Removed Pin From Net: NetName=NetQ1_2 Pin=Q1-2
Removed Pin From Net: NetName=CELL11 Pin=Q2-1
Removed Pin From Net: NetName=NetQ2_2 Pin=Q2-2
Removed Pin From Net: NetName=CELL10 Pin=Q3-1
Removed Pin From Net: NetName=NetQ3_2 Pin=Q3-2
Removed Pin From Net: NetName=CELL9 Pin=Q4-1
Removed Pin From Net: NetName=NetQ4_2 Pin=Q4-2
Removed Pin From Net: NetName=CELL8 Pin=Q5-1
Removed Pin From Net: NetName=NetQ5_2 Pin=Q5-2
Removed Pin From Net: NetName=CELL7 Pin=Q6-1
Removed Pin From Net: NetName=NetQ6_2 Pin=Q6-2
Removed Pin From Net: NetName=CELL6 Pin=Q7-1
Removed Pin From Net: NetName=NetQ7_2 Pin=Q7-2
Removed Pin From Net: NetName=CELL5 Pin=Q8-1
Removed Pin From Net: NetName=NetQ8_2 Pin=Q8-2
Removed Pin From Net: NetName=CELL4 Pin=Q9-1
Removed Pin From Net: NetName=NetQ9_2 Pin=Q9-2
Removed Pin From Net: NetName=CELL3 Pin=Q10-1
Removed Pin From Net: NetName=NetQ10_2 Pin=Q10-2
Removed Pin From Net: NetName=CELL2 Pin=Q11-1
Removed Pin From Net: NetName=NetQ11_2 Pin=Q11-2
Removed Pin From Net: NetName=CELL1 Pin=Q12-1
Removed Pin From Net: NetName=NetQ12_2 Pin=Q12-2
Removed Pin From Net: NetName=LOAD_GATE Pin=Q19-1
Removed Pin From Net: NetName=NetQ19_2 Pin=Q19-2
Removed Pin From Net: NetName=CHARGE_GATE Pin=Q22-1
Removed Pin From Net: NetName=NetQ22_2 Pin=Q22-2
Removed Pin From Net: NetName=NetQ1_2 Pin=R15-2
Removed Pin From Net: NetName=NetQ2_2 Pin=R17-2
Removed Pin From Net: NetName=NetQ3_2 Pin=R19-2
Removed Pin From Net: NetName=NetQ4_2 Pin=R21-2
Removed Pin From Net: NetName=NetQ5_2 Pin=R23-2
Removed Pin From Net: NetName=NetQ6_2 Pin=R25-2
Removed Pin From Net: NetName=NetQ7_2 Pin=R27-2
Removed Pin From Net: NetName=NetQ8_2 Pin=R29-2
Removed Pin From Net: NetName=NetQ9_2 Pin=R31-2
Removed Pin From Net: NetName=NetQ10_2 Pin=R33-2
Removed Pin From Net: NetName=NetQ11_2 Pin=R35-2
Removed Pin From Net: NetName=NetQ12_2 Pin=R37-2
Removed Pin From Net: NetName=NetQ19_2 Pin=R59-2
Change Component Comment : Designator=Q1 Old Comment= New Comment=MOSFET-P
Change Component Comment : Designator=Q2 Old Comment= New Comment=MOSFET-P
Change Component Comment : Designator=Q3 Old Comment= New Comment=MOSFET-P
Change Component Comment : Designator=Q4 Old Comment= New Comment=MOSFET-P
Change Component Comment : Designator=Q5 Old Comment= New Comment=MOSFET-P
Change Component Comment : Designator=Q6 Old Comment= New Comment=MOSFET-P
Change Component Comment : Designator=Q7 Old Comment= New Comment=MOSFET-P
Change Component Comment : Designator=Q8 Old Comment= New Comment=MOSFET-P
Change Component Comment : Designator=Q9 Old Comment= New Comment=MOSFET-P
Change Component Comment : Designator=Q10 Old Comment= New Comment=MOSFET-P
Change Component Comment : Designator=Q11 Old Comment= New Comment=MOSFET-P
Change Component Comment : Designator=Q12 Old Comment= New Comment=MOSFET-P
Added Pin To Net: NetName=NetQ2_2 Pin=Q1-1
Added Pin To Net: NetName=CELL12 Pin=Q1-2
Added Pin To Net: NetName=NetQ3_2 Pin=Q2-1
Added Pin To Net: NetName=CELL11 Pin=Q2-2
Added Pin To Net: NetName=NetQ4_2 Pin=Q3-1
Added Pin To Net: NetName=CELL10 Pin=Q3-2
Added Pin To Net: NetName=NetQ5_2 Pin=Q4-1
Added Pin To Net: NetName=CELL9 Pin=Q4-2
Added Pin To Net: NetName=NetQ6_2 Pin=Q5-1
Added Pin To Net: NetName=CELL8 Pin=Q5-2
Added Pin To Net: NetName=NetQ7_2 Pin=Q6-1
Added Pin To Net: NetName=CELL7 Pin=Q6-2
Added Pin To Net: NetName=NetQ8_2 Pin=Q7-1
Added Pin To Net: NetName=CELL6 Pin=Q7-2
Added Pin To Net: NetName=NetQ9_2 Pin=Q8-1
Added Pin To Net: NetName=CELL5 Pin=Q8-2
Added Pin To Net: NetName=NetQ10_2 Pin=Q9-1
Added Pin To Net: NetName=CELL4 Pin=Q9-2
Added Pin To Net: NetName=NetQ11_2 Pin=Q10-1
Added Pin To Net: NetName=CELL3 Pin=Q10-2
Added Pin To Net: NetName=NetQ12_2 Pin=Q11-1
Added Pin To Net: NetName=CELL2 Pin=Q11-2
Added Pin To Net: NetName=NetQ19_2 Pin=Q12-1
Added Pin To Net: NetName=CELL1 Pin=Q12-2
Added Pin To Net: NetName=NetQ1_2 Pin=Q19-1
Added Pin To Net: NetName=LOAD_GATE Pin=Q19-2
Added Pin To Net: NetName=NetQ22_2 Pin=Q22-1
Added Pin To Net: NetName=CHARGE_GATE Pin=Q22-2
Added Pin To Net: NetName=NetQ2_2 Pin=R15-2
Added Pin To Net: NetName=NetQ3_2 Pin=R17-2
Added Pin To Net: NetName=NetQ4_2 Pin=R19-2
Added Pin To Net: NetName=NetQ5_2 Pin=R21-2
Added Pin To Net: NetName=NetQ6_2 Pin=R23-2
Added Pin To Net: NetName=NetQ7_2 Pin=R25-2
Added Pin To Net: NetName=NetQ8_2 Pin=R27-2
Added Pin To Net: NetName=NetQ9_2 Pin=R29-2
Added Pin To Net: NetName=NetQ10_2 Pin=R31-2
Added Pin To Net: NetName=NetQ11_2 Pin=R33-2
Added Pin To Net: NetName=NetQ12_2 Pin=R35-2
Added Pin To Net: NetName=NetQ19_2 Pin=R37-2
Added Pin To Net: NetName=NetQ1_2 Pin=R59-2
Added Pin To Net: NetName=NetU6_1 Pin=U6-2
Change Net Name : Old Net Name=NetQ1_2 New Net Name=NetQ19_1
Change Net Name : Old Net Name=NetQ2_2 New Net Name=NetQ1_1
Change Net Name : Old Net Name=NetQ3_2 New Net Name=NetQ2_1
Change Net Name : Old Net Name=NetQ4_2 New Net Name=NetQ3_1
Change Net Name : Old Net Name=NetQ5_2 New Net Name=NetQ4_1
Change Net Name : Old Net Name=NetQ6_2 New Net Name=NetQ5_1
Change Net Name : Old Net Name=NetQ7_2 New Net Name=NetQ6_1
Change Net Name : Old Net Name=NetQ8_2 New Net Name=NetQ7_1
Change Net Name : Old Net Name=NetQ9_2 New Net Name=NetQ8_1
Change Net Name : Old Net Name=NetQ10_2 New Net Name=NetQ9_1
Change Net Name : Old Net Name=NetQ11_2 New Net Name=NetQ10_1
Change Net Name : Old Net Name=NetQ12_2 New Net Name=NetQ11_1
Change Net Name : Old Net Name=NetQ19_2 New Net Name=NetQ12_1
Change Net Name : Old Net Name=NetQ22_2 New Net Name=NetQ22_1
