Added Component: Designator=C1(CAPC0603(1608)100_N)
Added Component: Designator=C2(CAPC0603(1608)100_L)
Added Component: Designator=C3(CAPC0603(1608)100_N)
Added Component: Designator=C4(CAPC0603(1608)100_N)
Added Component: Designator=C5(CAPC0603(1608)100_N)
Added Component: Designator=C6(CAPC0603(1608)100_M)
Added Component: Designator=C7(CAPC0603(1608)100_M)
Added Component: Designator=C8(CAPC0603(1608)100_M)
Added Component: Designator=C9(CAPC0603(1608)100_M)
Added Component: Designator=C10(CAPC0603(1608)100_M)
Added Component: Designator=C11(CAPC0603(1608)100_M)
Added Component: Designator=C12(CAPC0603(1608)100_M)
Added Component: Designator=C13(CAPC0603(1608)100_M)
Added Component: Designator=C14(CAPC0603(1608)100_M)
Added Component: Designator=C15(CAPC0603(1608)100_M)
Added Component: Designator=C16(CAPC0603(1608)100_M)
Added Component: Designator=C17(CAPC0603(1608)100_M)
Added Component: Designator=C18(CAP 180uF 50V)
Added Component: Designator=C19(CAP 180uF 50V)
Added Component: Designator=C20(CAPC0603(1608)55_N)
Added Component: Designator=C21(AVX-CAPC7343_V)
Added Component: Designator=C23(CAPC0603(1608)55_N)
Added Component: Designator=C24(CAPC0603(1608)55_N)
Added Component: Designator=C25(CAPC0603(1608)55_N)
Added Component: Designator=C26(CAPC0603(1608)55_N)
Added Component: Designator=C27(CAPC0603(1608)55_N)
Added Component: Designator=C28(CAPC0603(1608)100_L)
Added Component: Designator=C29(CAPC1206(3216)190_L)
Added Component: Designator=C30(CAPC0805(2012)145_L)
Added Component: Designator=C31(CAPC0603(1608)100_L)
Added Component: Designator=C32(CAPC0603(1608)100_L)
Added Component: Designator=C33(CAP 180uF 50V)
Added Component: Designator=C34(CAPC0805(2012)145_L)
Added Component: Designator=C35(CAPC0603(1608)100_L)
Added Component: Designator=C36(CAPC2220(5750)230_L)
Added Component: Designator=C37(CAPC0603(1608)100_L)
Added Component: Designator=C38(CAPC0603(1608)55_L)
Added Component: Designator=C39(CAPC0603(1608)100_L)
Added Component: Designator=C40(CAPC2220(5750)230_L)
Added Component: Designator=C41(CAPC2220(5750)230_L)
Added Component: Designator=C42(CAPC2220(5750)230_L)
Added Component: Designator=D1(SOD-123)
Added Component: Designator=D2(ONSC-SMA-2-403D-02_V)
Added Component: Designator=D3(INF-SOD323_V)
Added Component: Designator=D4(INF-SOD323_V)
Added Component: Designator=D5(ONSC-SOD-323-2-477-02_V)
Added Component: Designator=D6(ONSC-SOD-323-2-477-02_V)
Added Component: Designator=D7(ONSC-SOD-323-2-477-02_V)
Added Component: Designator=D8(ONSC-SOD-323-2-477-02_V)
Added Component: Designator=D9(ONSC-SOD-323-2-477-02_V)
Added Component: Designator=D10(ONSC-SOD-323-2-477-02_V)
Added Component: Designator=D11(ONSC-SOD-323-2-477-02_V)
Added Component: Designator=D12(ONSC-SOD-323-2-477-02_V)
Added Component: Designator=D13(ONSC-SOD-323-2-477-02_V)
Added Component: Designator=D14(ONSC-SOD-323-2-477-02_V)
Added Component: Designator=D15(ONSC-SOD-323-2-477-02_V)
Added Component: Designator=D16(ONSC-SOD-323-2-477-02_V)
Added Component: Designator=JP1(JST-12-PTH)
Added Component: Designator=JP2(JST-7-PTH)
Added Component: Designator=L1(MURA-BLM31-B60-CHIP-2_V1)
Added Component: Designator=L2(SDR1307)
Added Component: Designator=L3(Inductor_LR)
Added Component: Designator=P1(HDR1X2)
Added Component: Designator=P2(HDR1X2)
Added Component: Designator=P3(HDR1X2)
Added Component: Designator=P4(HDR1X2)
Added Component: Designator=Q1(SOT23-3)
Added Component: Designator=Q2(SOT23-3)
Added Component: Designator=Q3(SOT23-3)
Added Component: Designator=Q4(SOT23-3)
Added Component: Designator=Q5(SOT23-3)
Added Component: Designator=Q6(SOT23-3)
Added Component: Designator=Q7(SOT23-3)
Added Component: Designator=Q8(SOT23-3)
Added Component: Designator=Q9(SOT23-3)
Added Component: Designator=Q10(SOT23-3)
Added Component: Designator=Q11(SOT23-3)
Added Component: Designator=Q12(SOT23-3)
Added Component: Designator=Q13(DPAK127P1525X483-7N)
Added Component: Designator=Q14(DPAK127P1525X483-7N)
Added Component: Designator=Q15(SOIC127P600X175-8N)
Added Component: Designator=Q16(SOIC127P600X175-8N)
Added Component: Designator=Q17(DPAK127P1525X483-7N)
Added Component: Designator=Q18(SOT23-3)
Added Component: Designator=Q19(SOT23-3)
Added Component: Designator=Q20(SOT23-3)
Added Component: Designator=Q21(SOT23-3)
Added Component: Designator=Q22(SOT23-3)
Added Component: Designator=R1(RESC0603(1608)_L)
Added Component: Designator=R2(RESC0603(1608)_L)
Added Component: Designator=R3(RESC0603(1608)_L)
Added Component: Designator=R4(RESC0603(1608)_L)
Added Component: Designator=R5(RESC0603(1608)_L)
Added Component: Designator=R6(RESC0603(1608)_L)
Added Component: Designator=R7(WSLP5931)
Added Component: Designator=R8(RESC0603(1608)_N)
Added Component: Designator=R9(RESC0603(1608)_N)
Added Component: Designator=R10(RESC0603(1608)_L)
Added Component: Designator=R11(RESC0603(1608)_L)
Added Component: Designator=R12(RESC0603(1608)_L)
Added Component: Designator=R13(RESC0603(1608)_L)
Added Component: Designator=R14(RESC0603(1608)_L)
Added Component: Designator=R15(RESC0603(1608)_N)
Added Component: Designator=R16(RESC0603(1608)_L)
Added Component: Designator=R17(RESC0603(1608)_N)
Added Component: Designator=R18(RESC0603(1608)_L)
Added Component: Designator=R19(RESC0603(1608)_N)
Added Component: Designator=R20(RESC0603(1608)_L)
Added Component: Designator=R21(RESC0603(1608)_N)
Added Component: Designator=R22(RESC0603(1608)_L)
Added Component: Designator=R23(RESC0603(1608)_N)
Added Component: Designator=R24(RESC0603(1608)_L)
Added Component: Designator=R25(RESC0603(1608)_N)
Added Component: Designator=R26(RESC0603(1608)_L)
Added Component: Designator=R27(RESC0603(1608)_N)
Added Component: Designator=R28(RESC0603(1608)_L)
Added Component: Designator=R29(RESC0603(1608)_N)
Added Component: Designator=R30(RESC0603(1608)_L)
Added Component: Designator=R31(RESC0603(1608)_N)
Added Component: Designator=R32(RESC0603(1608)_L)
Added Component: Designator=R33(RESC0603(1608)_N)
Added Component: Designator=R34(RESC0603(1608)_L)
Added Component: Designator=R35(RESC0603(1608)_N)
Added Component: Designator=R36(RESC0603(1608)_L)
Added Component: Designator=R37(RESC0603(1608)_N)
Added Component: Designator=R38(RESC2512(6432)_N)
Added Component: Designator=R39(RESC2512(6432)_N)
Added Component: Designator=R40(RESC2512(6432)_N)
Added Component: Designator=R41(RESC2512(6432)_N)
Added Component: Designator=R42(RESC2512(6432)_N)
Added Component: Designator=R43(RESC2512(6432)_N)
Added Component: Designator=R44(RESC2512(6432)_N)
Added Component: Designator=R45(RESC2512(6432)_N)
Added Component: Designator=R46(RESC2512(6432)_N)
Added Component: Designator=R47(RESC2512(6432)_N)
Added Component: Designator=R48(RESC2512(6432)_N)
Added Component: Designator=R49(RESC2512(6432)_N)
Added Component: Designator=R50(RESC0603(1608)_L)
Added Component: Designator=R51(RESC0603(1608)_L)
Added Component: Designator=R52(RESC2010(5025)_L)
Added Component: Designator=R53(RESC0603(1608)_L)
Added Component: Designator=R54(RESC0603(1608)_L)
Added Component: Designator=R55(RESC0603(1608)_L)
Added Component: Designator=R56(RESC0603(1608)_L)
Added Component: Designator=R57(RESC0603(1608)_L)
Added Component: Designator=R58(RESC0603(1608)_L)
Added Component: Designator=R59(RESC0603(1608)_L)
Added Component: Designator=R60(RESC0603(1608)_L)
Added Component: Designator=R61(RESC0603(1608)_L)
Added Component: Designator=R62(RESC0603(1608)_L)
Added Component: Designator=R63(RESC0603(1608)_L)
Added Component: Designator=R64(RESC0603(1608)_L)
Added Component: Designator=R65(RESC0603(1608)_L)
Added Component: Designator=R66(RESC0603(1608)_L)
Added Component: Designator=R67(RESC0603(1608)_L)
Added Component: Designator=R68(RESC0603(1608)_L)
Added Component: Designator=R69(RESC0603(1608)_L)
Added Component: Designator=U1(LT-G-44_L)
Added Component: Designator=U2(TS5B_L)
Added Component: Designator=U3(TEENSY_3.0_BASIC)
Added Component: Designator=U4(SOT-223-DB3_M)
Added Component: Designator=U5(M08A_M)
Added Component: Designator=U6(TSOP65P640X120_HS-21N)
Added Component: Designator=U7(RU_16)
Added Pin To Net: NetName=+5V Pin=L2-2
Added Pin To Net: NetName=+5V Pin=P4-2
Added Pin To Net: NetName=+5V Pin=U4-3
Added Pin To Net: NetName=+5V Pin=U5-6
Added Net: Name=+5V
Added Pin To Net: NetName=B+ Pin=R7-2
Added Pin To Net: NetName=B+ Pin=U5-1
Added Net: Name=B+
Added Pin To Net: NetName=C+ Pin=C29-1
Added Pin To Net: NetName=C+ Pin=C34-2
Added Pin To Net: NetName=C+ Pin=C37-2
Added Pin To Net: NetName=C+ Pin=R50-2
Added Pin To Net: NetName=C+ Pin=R52-2
Added Pin To Net: NetName=C+ Pin=U6-9
Added Pin To Net: NetName=C+ Pin=U6-19
Added Pin To Net: NetName=C+ Pin=U7-8
Added Net: Name=C+
Added Pin To Net: NetName=CELL1 Pin=JP1-1
Added Pin To Net: NetName=CELL1 Pin=Q12-1
Added Pin To Net: NetName=CELL1 Pin=R36-2
Added Pin To Net: NetName=CELL1 Pin=R48-1
Added Net: Name=CELL1
Added Pin To Net: NetName=CELL2 Pin=JP1-2
Added Pin To Net: NetName=CELL2 Pin=Q11-1
Added Pin To Net: NetName=CELL2 Pin=R34-2
Added Pin To Net: NetName=CELL2 Pin=R47-1
Added Net: Name=CELL2
Added Pin To Net: NetName=CELL3 Pin=JP1-3
Added Pin To Net: NetName=CELL3 Pin=Q10-1
Added Pin To Net: NetName=CELL3 Pin=R32-2
Added Pin To Net: NetName=CELL3 Pin=R46-1
Added Net: Name=CELL3
Added Pin To Net: NetName=CELL4 Pin=JP1-4
Added Pin To Net: NetName=CELL4 Pin=Q9-1
Added Pin To Net: NetName=CELL4 Pin=R30-2
Added Pin To Net: NetName=CELL4 Pin=R45-1
Added Net: Name=CELL4
Added Pin To Net: NetName=CELL5 Pin=JP1-5
Added Pin To Net: NetName=CELL5 Pin=Q8-1
Added Pin To Net: NetName=CELL5 Pin=R28-2
Added Pin To Net: NetName=CELL5 Pin=R44-1
Added Net: Name=CELL5
Added Pin To Net: NetName=CELL6 Pin=JP1-6
Added Pin To Net: NetName=CELL6 Pin=Q7-1
Added Pin To Net: NetName=CELL6 Pin=R26-2
Added Pin To Net: NetName=CELL6 Pin=R43-1
Added Net: Name=CELL6
Added Pin To Net: NetName=CELL7 Pin=JP1-7
Added Pin To Net: NetName=CELL7 Pin=Q6-1
Added Pin To Net: NetName=CELL7 Pin=R24-2
Added Pin To Net: NetName=CELL7 Pin=R42-1
Added Net: Name=CELL7
Added Pin To Net: NetName=CELL8 Pin=JP1-8
Added Pin To Net: NetName=CELL8 Pin=Q5-1
Added Pin To Net: NetName=CELL8 Pin=R22-2
Added Pin To Net: NetName=CELL8 Pin=R41-1
Added Net: Name=CELL8
Added Pin To Net: NetName=CELL9 Pin=JP1-9
Added Pin To Net: NetName=CELL9 Pin=Q4-1
Added Pin To Net: NetName=CELL9 Pin=R20-2
Added Pin To Net: NetName=CELL9 Pin=R40-1
Added Net: Name=CELL9
Added Pin To Net: NetName=CELL10 Pin=JP1-10
Added Pin To Net: NetName=CELL10 Pin=Q3-1
Added Pin To Net: NetName=CELL10 Pin=R18-2
Added Pin To Net: NetName=CELL10 Pin=R39-1
Added Net: Name=CELL10
Added Pin To Net: NetName=CELL11 Pin=JP1-11
Added Pin To Net: NetName=CELL11 Pin=Q2-1
Added Pin To Net: NetName=CELL11 Pin=R16-2
Added Pin To Net: NetName=CELL11 Pin=R38-1
Added Net: Name=CELL11
Added Pin To Net: NetName=CELL12 Pin=JP1-12
Added Pin To Net: NetName=CELL12 Pin=Q1-1
Added Pin To Net: NetName=CELL12 Pin=R14-2
Added Net: Name=CELL12
Added Pin To Net: NetName=CHARGE_GATE Pin=Q17-1
Added Pin To Net: NetName=CHARGE_GATE Pin=Q21-3
Added Pin To Net: NetName=CHARGE_GATE Pin=Q22-1
Added Pin To Net: NetName=CHARGE_GATE Pin=R69-2
Added Net: Name=CHARGE_GATE
Added Pin To Net: NetName=DAC_OUT Pin=R53-1
Added Pin To Net: NetName=DAC_OUT Pin=U7-7
Added Net: Name=DAC_OUT
Added Pin To Net: NetName=GND Pin=C1-1
Added Pin To Net: NetName=GND Pin=C3-1
Added Pin To Net: NetName=GND Pin=C4-1
Added Pin To Net: NetName=GND Pin=C5-1
Added Pin To Net: NetName=GND Pin=C6-1
Added Pin To Net: NetName=GND Pin=C7-1
Added Pin To Net: NetName=GND Pin=C8-1
Added Pin To Net: NetName=GND Pin=C9-1
Added Pin To Net: NetName=GND Pin=C10-1
Added Pin To Net: NetName=GND Pin=C11-1
Added Pin To Net: NetName=GND Pin=C12-1
Added Pin To Net: NetName=GND Pin=C13-1
Added Pin To Net: NetName=GND Pin=C14-1
Added Pin To Net: NetName=GND Pin=C15-1
Added Pin To Net: NetName=GND Pin=C16-1
Added Pin To Net: NetName=GND Pin=C17-1
Added Pin To Net: NetName=GND Pin=C20-2
Added Pin To Net: NetName=GND Pin=C21-2
Added Pin To Net: NetName=GND Pin=C23-1
Added Pin To Net: NetName=GND Pin=C24-1
Added Pin To Net: NetName=GND Pin=C25-1
Added Pin To Net: NetName=GND Pin=C26-1
Added Pin To Net: NetName=GND Pin=C27-1
Added Pin To Net: NetName=GND Pin=C28-2
Added Pin To Net: NetName=GND Pin=C29-2
Added Pin To Net: NetName=GND Pin=C30-1
Added Pin To Net: NetName=GND Pin=C31-1
Added Pin To Net: NetName=GND Pin=C34-1
Added Pin To Net: NetName=GND Pin=C35-2
Added Pin To Net: NetName=GND Pin=C36-1
Added Pin To Net: NetName=GND Pin=C37-1
Added Pin To Net: NetName=GND Pin=C38-1
Added Pin To Net: NetName=GND Pin=C39-2
Added Pin To Net: NetName=GND Pin=C40-1
Added Pin To Net: NetName=GND Pin=C41-1
Added Pin To Net: NetName=GND Pin=C42-1
Added Pin To Net: NetName=GND Pin=D1-2
Added Pin To Net: NetName=GND Pin=D2-2
Added Pin To Net: NetName=GND Pin=D16-2
Added Pin To Net: NetName=GND Pin=P1-1
Added Pin To Net: NetName=GND Pin=P2-1
Added Pin To Net: NetName=GND Pin=Q15-1
Added Pin To Net: NetName=GND Pin=Q19-3
Added Pin To Net: NetName=GND Pin=Q20-3
Added Pin To Net: NetName=GND Pin=Q22-3
Added Pin To Net: NetName=GND Pin=R4-1
Added Pin To Net: NetName=GND Pin=R5-1
Added Pin To Net: NetName=GND Pin=R49-1
Added Pin To Net: NetName=GND Pin=R51-1
Added Pin To Net: NetName=GND Pin=R54-1
Added Pin To Net: NetName=GND Pin=R61-1
Added Pin To Net: NetName=GND Pin=R62-1
Added Pin To Net: NetName=GND Pin=R64-1
Added Pin To Net: NetName=GND Pin=R68-1
Added Pin To Net: NetName=GND Pin=R69-1
Added Pin To Net: NetName=GND Pin=U1-29
Added Pin To Net: NetName=GND Pin=U1-31
Added Pin To Net: NetName=GND Pin=U2-3
Added Pin To Net: NetName=GND Pin=U2-5
Added Pin To Net: NetName=GND Pin=U2-6
Added Pin To Net: NetName=GND Pin=U4-1
Added Pin To Net: NetName=GND Pin=U5-2
Added Pin To Net: NetName=GND Pin=U6-4
Added Pin To Net: NetName=GND Pin=U6-12
Added Pin To Net: NetName=GND Pin=U6-18
Added Pin To Net: NetName=GND Pin=U6-4
Added Pin To Net: NetName=GND Pin=U7-5
Added Pin To Net: NetName=GND Pin=U7-6
Added Pin To Net: NetName=GND Pin=U7-11
Added Pin To Net: NetName=GND Pin=U7-16
Added Net: Name=GND
Added Pin To Net: NetName=L+ Pin=Q13-2
Added Pin To Net: NetName=L+ Pin=Q13-2
Added Pin To Net: NetName=L+ Pin=Q13-2
Added Pin To Net: NetName=L+ Pin=Q13-2
Added Pin To Net: NetName=L+ Pin=Q13-2
Added Pin To Net: NetName=L+ Pin=Q14-2
Added Pin To Net: NetName=L+ Pin=Q14-2
Added Pin To Net: NetName=L+ Pin=Q14-2
Added Pin To Net: NetName=L+ Pin=Q14-2
Added Pin To Net: NetName=L+ Pin=Q14-2
Added Net: Name=L+
Added Pin To Net: NetName=LOAD_GATE Pin=Q13-1
Added Pin To Net: NetName=LOAD_GATE Pin=Q14-1
Added Pin To Net: NetName=LOAD_GATE Pin=Q18-3
Added Pin To Net: NetName=LOAD_GATE Pin=Q19-1
Added Pin To Net: NetName=LOAD_GATE Pin=R62-2
Added Net: Name=LOAD_GATE
Added Pin To Net: NetName=LOAD_SWITCH Pin=R5-2
Added Pin To Net: NetName=LOAD_SWITCH Pin=R58-1
Added Pin To Net: NetName=LOAD_SWITCH Pin=R59-1
Added Pin To Net: NetName=LOAD_SWITCH Pin=U3-17/A3
Added Net: Name=LOAD_SWITCH
Added Pin To Net: NetName=NetC2_2 Pin=C2-2
Added Pin To Net: NetName=NetC2_2 Pin=R10-1
Added Pin To Net: NetName=NetC2_2 Pin=U1-4
Added Net: Name=NetC2_2
Added Pin To Net: NetName=NetC5_2 Pin=C5-2
Added Pin To Net: NetName=NetC5_2 Pin=R8-2
Added Pin To Net: NetName=NetC5_2 Pin=R9-2
Added Pin To Net: NetName=NetC5_2 Pin=U1-34
Added Net: Name=NetC5_2
Added Pin To Net: NetName=NetC6_2 Pin=C6-2
Added Pin To Net: NetName=NetC6_2 Pin=D5-1
Added Pin To Net: NetName=NetC6_2 Pin=R14-1
Added Pin To Net: NetName=NetC6_2 Pin=U1-5
Added Net: Name=NetC6_2
Added Pin To Net: NetName=NetC7_2 Pin=C7-2
Added Pin To Net: NetName=NetC7_2 Pin=D5-2
Added Pin To Net: NetName=NetC7_2 Pin=D6-1
Added Pin To Net: NetName=NetC7_2 Pin=R16-1
Added Pin To Net: NetName=NetC7_2 Pin=U1-7
Added Net: Name=NetC7_2
Added Pin To Net: NetName=NetC8_2 Pin=C8-2
Added Pin To Net: NetName=NetC8_2 Pin=D6-2
Added Pin To Net: NetName=NetC8_2 Pin=D7-1
Added Pin To Net: NetName=NetC8_2 Pin=R18-1
Added Pin To Net: NetName=NetC8_2 Pin=U1-9
Added Net: Name=NetC8_2
Added Pin To Net: NetName=NetC9_2 Pin=C9-2
Added Pin To Net: NetName=NetC9_2 Pin=D7-2
Added Pin To Net: NetName=NetC9_2 Pin=D8-1
Added Pin To Net: NetName=NetC9_2 Pin=R20-1
Added Pin To Net: NetName=NetC9_2 Pin=U1-11
Added Net: Name=NetC9_2
Added Pin To Net: NetName=NetC10_2 Pin=C10-2
Added Pin To Net: NetName=NetC10_2 Pin=D8-2
Added Pin To Net: NetName=NetC10_2 Pin=D9-1
Added Pin To Net: NetName=NetC10_2 Pin=R22-1
Added Pin To Net: NetName=NetC10_2 Pin=U1-13
Added Net: Name=NetC10_2
Added Pin To Net: NetName=NetC11_2 Pin=C11-2
Added Pin To Net: NetName=NetC11_2 Pin=D9-2
Added Pin To Net: NetName=NetC11_2 Pin=D10-1
Added Pin To Net: NetName=NetC11_2 Pin=R24-1
Added Pin To Net: NetName=NetC11_2 Pin=U1-15
Added Net: Name=NetC11_2
Added Pin To Net: NetName=NetC12_2 Pin=C12-2
Added Pin To Net: NetName=NetC12_2 Pin=D10-2
Added Pin To Net: NetName=NetC12_2 Pin=D11-1
Added Pin To Net: NetName=NetC12_2 Pin=R26-1
Added Pin To Net: NetName=NetC12_2 Pin=U1-17
Added Net: Name=NetC12_2
Added Pin To Net: NetName=NetC13_2 Pin=C13-2
Added Pin To Net: NetName=NetC13_2 Pin=D11-2
Added Pin To Net: NetName=NetC13_2 Pin=D12-1
Added Pin To Net: NetName=NetC13_2 Pin=R28-1
Added Pin To Net: NetName=NetC13_2 Pin=U1-19
Added Net: Name=NetC13_2
Added Pin To Net: NetName=NetC14_2 Pin=C14-2
Added Pin To Net: NetName=NetC14_2 Pin=D12-2
Added Pin To Net: NetName=NetC14_2 Pin=D13-1
Added Pin To Net: NetName=NetC14_2 Pin=R30-1
Added Pin To Net: NetName=NetC14_2 Pin=U1-21
Added Net: Name=NetC14_2
Added Pin To Net: NetName=NetC15_2 Pin=C15-2
Added Pin To Net: NetName=NetC15_2 Pin=D13-2
Added Pin To Net: NetName=NetC15_2 Pin=D14-1
Added Pin To Net: NetName=NetC15_2 Pin=R32-1
Added Pin To Net: NetName=NetC15_2 Pin=U1-23
Added Net: Name=NetC15_2
Added Pin To Net: NetName=NetC16_2 Pin=C16-2
Added Pin To Net: NetName=NetC16_2 Pin=D14-2
Added Pin To Net: NetName=NetC16_2 Pin=D15-1
Added Pin To Net: NetName=NetC16_2 Pin=R34-1
Added Pin To Net: NetName=NetC16_2 Pin=U1-25
Added Net: Name=NetC16_2
Added Pin To Net: NetName=NetC17_2 Pin=C17-2
Added Pin To Net: NetName=NetC17_2 Pin=D15-2
Added Pin To Net: NetName=NetC17_2 Pin=D16-1
Added Pin To Net: NetName=NetC17_2 Pin=R36-1
Added Pin To Net: NetName=NetC17_2 Pin=U1-27
Added Net: Name=NetC17_2
Added Pin To Net: NetName=NetC19_1 Pin=C19-1
Added Pin To Net: NetName=NetC19_1 Pin=U2-4
Added Net: Name=NetC19_1
Added Pin To Net: NetName=NetC27_2 Pin=C27-2
Added Pin To Net: NetName=NetC27_2 Pin=U5-3
Added Pin To Net: NetName=NetC27_2 Pin=U5-4
Added Net: Name=NetC27_2
Added Pin To Net: NetName=NetC28_1 Pin=C28-1
Added Pin To Net: NetName=NetC28_1 Pin=U6-7
Added Net: Name=NetC28_1
Added Pin To Net: NetName=NetC32_1 Pin=C32-1
Added Pin To Net: NetName=NetC32_1 Pin=Q15-5
Added Pin To Net: NetName=NetC32_1 Pin=Q16-1
Added Pin To Net: NetName=NetC32_1 Pin=U6-13
Added Net: Name=NetC32_1
Added Pin To Net: NetName=NetC32_2 Pin=C32-2
Added Pin To Net: NetName=NetC32_2 Pin=D3-1
Added Pin To Net: NetName=NetC32_2 Pin=U6-15
Added Net: Name=NetC32_2
Added Pin To Net: NetName=NetC33_1 Pin=C33-1
Added Pin To Net: NetName=NetC33_1 Pin=C36-2
Added Pin To Net: NetName=NetC33_1 Pin=C40-2
Added Pin To Net: NetName=NetC33_1 Pin=C41-2
Added Pin To Net: NetName=NetC33_1 Pin=C42-2
Added Pin To Net: NetName=NetC33_1 Pin=D4-2
Added Pin To Net: NetName=NetC33_1 Pin=Q16-5
Added Net: Name=NetC33_1
Added Pin To Net: NetName=NetC35_1 Pin=C35-1
Added Pin To Net: NetName=NetC35_1 Pin=Q16-4
Added Pin To Net: NetName=NetC35_1 Pin=R56-1
Added Pin To Net: NetName=NetC35_1 Pin=U6-11
Added Pin To Net: NetName=NetC35_1 Pin=U6-14
Added Net: Name=NetC35_1
Added Pin To Net: NetName=NetC38_2 Pin=C38-2
Added Pin To Net: NetName=NetC38_2 Pin=D3-2
Added Pin To Net: NetName=NetC38_2 Pin=R57-1
Added Pin To Net: NetName=NetC38_2 Pin=U6-2
Added Net: Name=NetC38_2
Added Pin To Net: NetName=NetC39_1 Pin=C39-1
Added Pin To Net: NetName=NetC39_1 Pin=R56-2
Added Net: Name=NetC39_1
Added Pin To Net: NetName=NetD1_1 Pin=D1-1
Added Pin To Net: NetName=NetD1_1 Pin=L1-2
Added Pin To Net: NetName=NetD1_1 Pin=R10-2
Added Net: Name=NetD1_1
Added Pin To Net: NetName=NetD2_1 Pin=D2-1
Added Pin To Net: NetName=NetD2_1 Pin=L2-1
Added Pin To Net: NetName=NetD2_1 Pin=U2-2
Added Net: Name=NetD2_1
Added Pin To Net: NetName=NetD4_1 Pin=D4-1
Added Pin To Net: NetName=NetD4_1 Pin=Q17-8
Added Pin To Net: NetName=NetD4_1 Pin=R55-2
Added Net: Name=NetD4_1
Added Pin To Net: NetName=NetJP2_1 Pin=JP2-1
Added Pin To Net: NetName=NetJP2_1 Pin=U3-6
Added Net: Name=NetJP2_1
Added Pin To Net: NetName=NetJP2_2 Pin=JP2-2
Added Pin To Net: NetName=NetJP2_2 Pin=U3-5
Added Net: Name=NetJP2_2
Added Pin To Net: NetName=NetJP2_3 Pin=JP2-3
Added Pin To Net: NetName=NetJP2_3 Pin=U3-4
Added Net: Name=NetJP2_3
Added Pin To Net: NetName=NetJP2_4 Pin=JP2-4
Added Pin To Net: NetName=NetJP2_4 Pin=U3-3
Added Net: Name=NetJP2_4
Added Pin To Net: NetName=NetJP2_5 Pin=JP2-5
Added Pin To Net: NetName=NetJP2_5 Pin=U3-2
Added Net: Name=NetJP2_5
Added Pin To Net: NetName=NetJP2_6 Pin=JP2-6
Added Pin To Net: NetName=NetJP2_6 Pin=U3-1
Added Net: Name=NetJP2_6
Added Pin To Net: NetName=NetJP2_7 Pin=JP2-7
Added Pin To Net: NetName=NetJP2_7 Pin=U3-0
Added Net: Name=NetJP2_7
Added Pin To Net: NetName=NetL3_1 Pin=L3-1
Added Pin To Net: NetName=NetL3_1 Pin=R52-1
Added Pin To Net: NetName=NetL3_1 Pin=U6-8
Added Net: Name=NetL3_1
Added Pin To Net: NetName=NetQ1_2 Pin=Q1-2
Added Pin To Net: NetName=NetQ1_2 Pin=R15-2
Added Net: Name=NetQ1_2
Added Pin To Net: NetName=NetQ1_3 Pin=Q1-3
Added Pin To Net: NetName=NetQ1_3 Pin=R38-2
Added Net: Name=NetQ1_3
Added Pin To Net: NetName=NetQ2_2 Pin=Q2-2
Added Pin To Net: NetName=NetQ2_2 Pin=R17-2
Added Net: Name=NetQ2_2
Added Pin To Net: NetName=NetQ2_3 Pin=Q2-3
Added Pin To Net: NetName=NetQ2_3 Pin=R39-2
Added Net: Name=NetQ2_3
Added Pin To Net: NetName=NetQ3_2 Pin=Q3-2
Added Pin To Net: NetName=NetQ3_2 Pin=R19-2
Added Net: Name=NetQ3_2
Added Pin To Net: NetName=NetQ3_3 Pin=Q3-3
Added Pin To Net: NetName=NetQ3_3 Pin=R40-2
Added Net: Name=NetQ3_3
Added Pin To Net: NetName=NetQ4_2 Pin=Q4-2
Added Pin To Net: NetName=NetQ4_2 Pin=R21-2
Added Net: Name=NetQ4_2
Added Pin To Net: NetName=NetQ4_3 Pin=Q4-3
Added Pin To Net: NetName=NetQ4_3 Pin=R41-2
Added Net: Name=NetQ4_3
Added Pin To Net: NetName=NetQ5_2 Pin=Q5-2
Added Pin To Net: NetName=NetQ5_2 Pin=R23-2
Added Net: Name=NetQ5_2
Added Pin To Net: NetName=NetQ5_3 Pin=Q5-3
Added Pin To Net: NetName=NetQ5_3 Pin=R42-2
Added Net: Name=NetQ5_3
Added Pin To Net: NetName=NetQ6_2 Pin=Q6-2
Added Pin To Net: NetName=NetQ6_2 Pin=R25-2
Added Net: Name=NetQ6_2
Added Pin To Net: NetName=NetQ6_3 Pin=Q6-3
Added Pin To Net: NetName=NetQ6_3 Pin=R43-2
Added Net: Name=NetQ6_3
Added Pin To Net: NetName=NetQ7_2 Pin=Q7-2
Added Pin To Net: NetName=NetQ7_2 Pin=R27-2
Added Net: Name=NetQ7_2
Added Pin To Net: NetName=NetQ7_3 Pin=Q7-3
Added Pin To Net: NetName=NetQ7_3 Pin=R44-2
Added Net: Name=NetQ7_3
Added Pin To Net: NetName=NetQ8_2 Pin=Q8-2
Added Pin To Net: NetName=NetQ8_2 Pin=R29-2
Added Net: Name=NetQ8_2
Added Pin To Net: NetName=NetQ8_3 Pin=Q8-3
Added Pin To Net: NetName=NetQ8_3 Pin=R45-2
Added Net: Name=NetQ8_3
Added Pin To Net: NetName=NetQ9_2 Pin=Q9-2
Added Pin To Net: NetName=NetQ9_2 Pin=R31-2
Added Net: Name=NetQ9_2
Added Pin To Net: NetName=NetQ9_3 Pin=Q9-3
Added Pin To Net: NetName=NetQ9_3 Pin=R46-2
Added Net: Name=NetQ9_3
Added Pin To Net: NetName=NetQ10_2 Pin=Q10-2
Added Pin To Net: NetName=NetQ10_2 Pin=R33-2
Added Net: Name=NetQ10_2
Added Pin To Net: NetName=NetQ10_3 Pin=Q10-3
Added Pin To Net: NetName=NetQ10_3 Pin=R47-2
Added Net: Name=NetQ10_3
Added Pin To Net: NetName=NetQ11_2 Pin=Q11-2
Added Pin To Net: NetName=NetQ11_2 Pin=R35-2
Added Net: Name=NetQ11_2
Added Pin To Net: NetName=NetQ11_3 Pin=Q11-3
Added Pin To Net: NetName=NetQ11_3 Pin=R48-2
Added Net: Name=NetQ11_3
Added Pin To Net: NetName=NetQ12_2 Pin=Q12-2
Added Pin To Net: NetName=NetQ12_2 Pin=R37-2
Added Net: Name=NetQ12_2
Added Pin To Net: NetName=NetQ12_3 Pin=Q12-3
Added Pin To Net: NetName=NetQ12_3 Pin=R49-2
Added Net: Name=NetQ12_3
Added Pin To Net: NetName=NetQ15_1 Pin=Q15-4
Added Pin To Net: NetName=NetQ15_1 Pin=U6-16
Added Net: Name=NetQ15_1
Added Pin To Net: NetName=NetQ18_1 Pin=Q18-1
Added Pin To Net: NetName=NetQ18_1 Pin=R58-2
Added Net: Name=NetQ18_1
Added Pin To Net: NetName=NetQ18_2 Pin=Q18-2
Added Pin To Net: NetName=NetQ18_2 Pin=R60-1
Added Pin To Net: NetName=NetQ18_2 Pin=R61-2
Added Net: Name=NetQ18_2
Added Pin To Net: NetName=NetQ19_2 Pin=Q19-2
Added Pin To Net: NetName=NetQ19_2 Pin=R59-2
Added Net: Name=NetQ19_2
Added Pin To Net: NetName=NetQ20_1 Pin=Q20-1
Added Pin To Net: NetName=NetQ20_1 Pin=R63-2
Added Net: Name=NetQ20_1
Added Pin To Net: NetName=NetQ21_1 Pin=Q21-1
Added Pin To Net: NetName=NetQ21_1 Pin=R65-2
Added Net: Name=NetQ21_1
Added Pin To Net: NetName=NetQ21_2 Pin=Q21-2
Added Pin To Net: NetName=NetQ21_2 Pin=R67-1
Added Pin To Net: NetName=NetQ21_2 Pin=R68-2
Added Net: Name=NetQ21_2
Added Pin To Net: NetName=NetQ22_2 Pin=Q22-2
Added Pin To Net: NetName=NetQ22_2 Pin=R66-2
Added Net: Name=NetQ22_2
Added Pin To Net: NetName=NetR1_2 Pin=R1-2
Added Pin To Net: NetName=NetR1_2 Pin=U1-41
Added Pin To Net: NetName=NetR1_2 Pin=U3-14/A0
Added Pin To Net: NetName=NetR1_2 Pin=U7-14
Added Net: Name=NetR1_2
Added Pin To Net: NetName=NetR2_2 Pin=R2-2
Added Pin To Net: NetName=NetR2_2 Pin=U1-42
Added Pin To Net: NetName=NetR2_2 Pin=U3-11
Added Net: Name=NetR2_2
Added Pin To Net: NetName=NetR3_2 Pin=R3-2
Added Pin To Net: NetName=NetR3_2 Pin=U1-44
Added Pin To Net: NetName=NetR3_2 Pin=U3-10
Added Net: Name=NetR3_2
Added Pin To Net: NetName=NetR6_2 Pin=R6-2
Added Pin To Net: NetName=NetR6_2 Pin=U1-43
Added Pin To Net: NetName=NetR6_2 Pin=U3-12
Added Net: Name=NetR6_2
Added Pin To Net: NetName=NetR11_2 Pin=R11-2
Added Pin To Net: NetName=NetR11_2 Pin=U1-39
Added Net: Name=NetR11_2
Added Pin To Net: NetName=NetR12_2 Pin=R12-2
Added Pin To Net: NetName=NetR12_2 Pin=U1-37
Added Net: Name=NetR12_2
Added Pin To Net: NetName=NetR13_2 Pin=R13-2
Added Pin To Net: NetName=NetR13_2 Pin=U1-38
Added Net: Name=NetR13_2
Added Pin To Net: NetName=NetR15_1 Pin=R15-1
Added Pin To Net: NetName=NetR15_1 Pin=U1-6
Added Net: Name=NetR15_1
Added Pin To Net: NetName=NetR17_1 Pin=R17-1
Added Pin To Net: NetName=NetR17_1 Pin=U1-8
Added Net: Name=NetR17_1
Added Pin To Net: NetName=NetR19_1 Pin=R19-1
Added Pin To Net: NetName=NetR19_1 Pin=U1-10
Added Net: Name=NetR19_1
Added Pin To Net: NetName=NetR21_1 Pin=R21-1
Added Pin To Net: NetName=NetR21_1 Pin=U1-12
Added Net: Name=NetR21_1
Added Pin To Net: NetName=NetR23_1 Pin=R23-1
Added Pin To Net: NetName=NetR23_1 Pin=U1-14
Added Net: Name=NetR23_1
Added Pin To Net: NetName=NetR25_1 Pin=R25-1
Added Pin To Net: NetName=NetR25_1 Pin=U1-16
Added Net: Name=NetR25_1
Added Pin To Net: NetName=NetR27_1 Pin=R27-1
Added Pin To Net: NetName=NetR27_1 Pin=U1-18
Added Net: Name=NetR27_1
Added Pin To Net: NetName=NetR29_1 Pin=R29-1
Added Pin To Net: NetName=NetR29_1 Pin=U1-20
Added Net: Name=NetR29_1
Added Pin To Net: NetName=NetR31_1 Pin=R31-1
Added Pin To Net: NetName=NetR31_1 Pin=U1-22
Added Net: Name=NetR31_1
Added Pin To Net: NetName=NetR33_1 Pin=R33-1
Added Pin To Net: NetName=NetR33_1 Pin=U1-24
Added Net: Name=NetR33_1
Added Pin To Net: NetName=NetR35_1 Pin=R35-1
Added Pin To Net: NetName=NetR35_1 Pin=U1-26
Added Net: Name=NetR35_1
Added Pin To Net: NetName=NetR37_1 Pin=R37-1
Added Pin To Net: NetName=NetR37_1 Pin=U1-28
Added Net: Name=NetR37_1
Added Pin To Net: NetName=NetR50_1 Pin=R50-1
Added Pin To Net: NetName=NetR50_1 Pin=R51-2
Added Pin To Net: NetName=NetR50_1 Pin=U3-16/A2
Added Net: Name=NetR50_1
Added Pin To Net: NetName=NetR53_2 Pin=R53-2
Added Pin To Net: NetName=NetR53_2 Pin=R54-2
Added Pin To Net: NetName=NetR53_2 Pin=R55-1
Added Pin To Net: NetName=NetR53_2 Pin=U6-10
Added Net: Name=NetR53_2
Added Pin To Net: NetName=NetR57_2 Pin=R57-2
Added Pin To Net: NetName=NetR57_2 Pin=U6-20
Added Net: Name=NetR57_2
Added Pin To Net: NetName=NetR63_1 Pin=R63-1
Added Pin To Net: NetName=NetR63_1 Pin=U3-21/A7
Added Net: Name=NetR63_1
Added Pin To Net: NetName=NetR64_2 Pin=R64-2
Added Pin To Net: NetName=NetR64_2 Pin=R65-1
Added Pin To Net: NetName=NetR64_2 Pin=R66-1
Added Pin To Net: NetName=NetR64_2 Pin=U3-18/A4
Added Net: Name=NetR64_2
Added Pin To Net: NetName=NetU3_7 Pin=U3-7
Added Pin To Net: NetName=NetU3_7 Pin=U7-12
Added Net: Name=NetU3_7
Added Pin To Net: NetName=NetU3_8 Pin=U3-8
Added Pin To Net: NetName=NetU3_8 Pin=U7-10
Added Net: Name=NetU3_8
Added Pin To Net: NetName=NetU3_9 Pin=U3-9
Added Pin To Net: NetName=NetU3_9 Pin=U7-13
Added Net: Name=NetU3_9
Added Pin To Net: NetName=NetU6_1 Pin=U6-1
Added Pin To Net: NetName=NetU6_1 Pin=U6-2
Added Pin To Net: NetName=NetU6_1 Pin=U6-3
Added Pin To Net: NetName=NetU6_1 Pin=U6-5
Added Net: Name=NetU6_1
Added Pin To Net: NetName=NTC1 Pin=C1-2
Added Pin To Net: NetName=NTC1 Pin=P1-2
Added Pin To Net: NetName=NTC1 Pin=R9-1
Added Pin To Net: NetName=NTC1 Pin=U1-32
Added Net: Name=NTC1
Added Pin To Net: NetName=NTC2 Pin=C3-2
Added Pin To Net: NetName=NTC2 Pin=P2-2
Added Pin To Net: NetName=NTC2 Pin=R8-1
Added Pin To Net: NetName=NTC2 Pin=U1-33
Added Net: Name=NTC2
Added Pin To Net: NetName=POWER_LED Pin=P4-1
Added Pin To Net: NetName=POWER_LED Pin=Q20-2
Added Net: Name=POWER_LED
Added Pin To Net: NetName=POWER_SWITCH Pin=P3-1
Added Pin To Net: NetName=POWER_SWITCH Pin=U3-19/A5
Added Net: Name=POWER_SWITCH
Added Pin To Net: NetName=SENSE Pin=U3-15/A1
Added Pin To Net: NetName=SENSE Pin=U5-5
Added Net: Name=SENSE
Added Pin To Net: NetName=V- Pin=C2-1
Added Pin To Net: NetName=V- Pin=R4-2
Added Pin To Net: NetName=V- Pin=U1-30
Added Net: Name=V-
Added Pin To Net: NetName=VCC Pin=C20-1
Added Pin To Net: NetName=VCC Pin=C21-1
Added Pin To Net: NetName=VCC Pin=C23-2
Added Pin To Net: NetName=VCC Pin=C24-2
Added Pin To Net: NetName=VCC Pin=C25-2
Added Pin To Net: NetName=VCC Pin=C26-2
Added Pin To Net: NetName=VCC Pin=C30-2
Added Pin To Net: NetName=VCC Pin=C31-2
Added Pin To Net: NetName=VCC Pin=P3-2
Added Pin To Net: NetName=VCC Pin=R6-1
Added Pin To Net: NetName=VCC Pin=U4-2
Added Pin To Net: NetName=VCC Pin=U4-2
Added Pin To Net: NetName=VCC Pin=U5-7
Added Pin To Net: NetName=VCC Pin=U7-15
Added Net: Name=VCC
Added Pin To Net: NetName=VDD Pin=C18-1
Added Pin To Net: NetName=VDD Pin=L1-1
Added Pin To Net: NetName=VDD Pin=Q13-8
Added Pin To Net: NetName=VDD Pin=Q14-8
Added Pin To Net: NetName=VDD Pin=Q17-2
Added Pin To Net: NetName=VDD Pin=Q17-2
Added Pin To Net: NetName=VDD Pin=Q17-2
Added Pin To Net: NetName=VDD Pin=Q17-2
Added Pin To Net: NetName=VDD Pin=Q17-2
Added Pin To Net: NetName=VDD Pin=R7-1
Added Pin To Net: NetName=VDD Pin=R60-2
Added Pin To Net: NetName=VDD Pin=R67-2
Added Pin To Net: NetName=VDD Pin=U2-1
Added Pin To Net: NetName=VDD Pin=U5-8
Added Net: Name=VDD
Added Pin To Net: NetName=VREG Pin=C4-2
Added Pin To Net: NetName=VREG Pin=R1-1
Added Pin To Net: NetName=VREG Pin=R2-1
Added Pin To Net: NetName=VREG Pin=R3-1
Added Pin To Net: NetName=VREG Pin=R11-1
Added Pin To Net: NetName=VREG Pin=R12-1
Added Pin To Net: NetName=VREG Pin=R13-1
Added Pin To Net: NetName=VREG Pin=U1-35
Added Pin To Net: NetName=VREG Pin=U1-36
Added Pin To Net: NetName=VREG Pin=U1-40
Added Net: Name=VREG
