Removed Pin From Net: NetName=LOAD_GATE Pin=Q18-3
Removed Pin From Net: NetName=GND Pin=Q19-2
Removed Pin From Net: NetName=LOAD_GATE Pin=Q19-3
Removed Pin From Net: NetName=GND Pin=Q22-2
Removed Pin From Net: NetName=GND Pin=R5-1
Removed Pin From Net: NetName=LOAD_SWITCH Pin=R5-2
Removed Pin From Net: NetName=LOAD_SWITCH Pin=R58-1
Removed Pin From Net: NetName=LOAD_SWITCH Pin=R59-1
Removed Pin From Net: NetName=VDD Pin=R60-2
Removed Pin From Net: NetName=GND Pin=R61-1
Removed Pin From Net: NetName=GND Pin=R62-1
Removed Pin From Net: NetName=LOAD_GATE Pin=R62-2
Removed Pin From Net: NetName=GND Pin=R64-1
Removed Pin From Net: NetName=VDD Pin=R67-2
Removed Pin From Net: NetName=GND Pin=R68-1
Removed Pin From Net: NetName=GND Pin=R69-1
Removed Pin From Net: NetName=PRECHARGE Pin=R70-1
Removed Pin From Net: NetName=PRECHARGE Pin=U3-22/A8
Removed Member From Class: ClassName=U_MCU Member=Q18
Removed Member From Class: ClassName=U_MCU Member=Q19
Removed Member From Class: ClassName=U_Charging Member=Q21
Removed Member From Class: ClassName=U_Charging Member=Q22
Removed Member From Class: ClassName=U_MCU Member=R5
Removed Member From Class: ClassName=U_MCU Member=R58
Removed Member From Class: ClassName=U_MCU Member=R59
Removed Member From Class: ClassName=U_MCU Member=R60
Removed Member From Class: ClassName=U_MCU Member=R61
Removed Member From Class: ClassName=U_MCU Member=R62
Removed Member From Class: ClassName=U_Charging Member=R64
Removed Member From Class: ClassName=U_Charging Member=R65
Removed Member From Class: ClassName=U_Charging Member=R66
Removed Member From Class: ClassName=U_Charging Member=R67
Removed Member From Class: ClassName=U_Charging Member=R68
Removed Member From Class: ClassName=U_Charging Member=R69
Removed Member From Class: ClassName=U_MCU Member=R70
Added Component: Designator=U8(LT-SW-20_L)
Added Pin To Net: NetName=PRECHARGE Pin=Q23-1
Added Pin To Net: NetName=GND Pin=U8-1
Added Pin To Net: NetName=LOAD_SWITCH Pin=U8-3
Added Pin To Net: NetName=GND Pin=U8-10
Added Pin To Net: NetName=VDD Pin=U8-11
Added Pin To Net: NetName=VDD Pin=U8-15
Added Pin To Net: NetName=PRECHARGE Pin=U8-16
Added Pin To Net: NetName=VDD Pin=U8-17
Added Pin To Net: NetName=LOAD_GATE Pin=U8-18
Added Pin To Net: NetName=VDD Pin=U8-19
Added Pin To Net: NetName=VDD Pin=U8-20
Added Pin To Net: NetName=CHARGE_SWITCH Pin=U3-18/A4
Added Pin To Net: NetName=CHARGE_SWITCH Pin=U8-7
Added Net: Name=CHARGE_SWITCH
Added Pin To Net: NetName=NetQ17_2 Pin=Q17-1
Added Pin To Net: NetName=NetQ17_2 Pin=U8-14
Added Net: Name=NetQ17_2
Added Pin To Net: NetName=PRECHARGE_SWITCH Pin=U3-22/A8
Added Pin To Net: NetName=PRECHARGE_SWITCH Pin=U8-5
Added Net: Name=PRECHARGE_SWITCH
Added Member To Class: ClassName=U_MCU Member=Component U8 LT1161
