Added Component: Designator=C1(CAPC0603(1608)100_N)
Added Component: Designator=C2(CAPC0603(1608)100_L)
Added Component: Designator=C3(CAPC0603(1608)100_N)
Added Component: Designator=C4(CAPC0603(1608)100_N)
Added Component: Designator=C5(CAPC0603(1608)100_N)
Added Component: Designator=C6(CAPC0603(1608)100_M)
Added Component: Designator=C7(CAPC0603(1608)100_M)
Added Component: Designator=C8(CAPC0603(1608)100_M)
Added Component: Designator=C9(CAPC0603(1608)100_M)
Added Component: Designator=C10(CAPC0603(1608)100_M)
Added Component: Designator=C11(CAPC0603(1608)100_M)
Added Component: Designator=C12(CAPC0603(1608)100_M)
Added Component: Designator=C13(CAPC0603(1608)100_M)
Added Component: Designator=C14(CAPC0603(1608)100_M)
Added Component: Designator=C15(CAPC0603(1608)100_M)
Added Component: Designator=C16(CAPC0603(1608)100_M)
Added Component: Designator=C17(CAPC0603(1608)100_M)
Added Component: Designator=C19(CAPC0603(1608)100_M)
Added Component: Designator=C20(CAPC0603(1608)55_N)
Added Component: Designator=C21(AVX-CAPC7343_V)
Added Component: Designator=C23(CAPC0603(1608)55_N)
Added Component: Designator=C24(CAPC0603(1608)55_N)
Added Component: Designator=C25(CAPC0603(1608)55_N)
Added Component: Designator=C26(CAPC0603(1608)55_N)
Added Component: Designator=C27(CAPC0603(1608)55_N)
Added Component: Designator=D2(ONSC-AXIAL_LEAD-2-267-05_V)
Added Component: Designator=D5(ONSC-SOD-323-2-477-02_V)
Added Component: Designator=D6(ONSC-SOD-323-2-477-02_V)
Added Component: Designator=D7(ONSC-SOD-323-2-477-02_V)
Added Component: Designator=D8(ONSC-SOD-323-2-477-02_V)
Added Component: Designator=D9(ONSC-SOD-323-2-477-02_V)
Added Component: Designator=D10(ONSC-SOD-323-2-477-02_V)
Added Component: Designator=D11(ONSC-SOD-323-2-477-02_V)
Added Component: Designator=D12(ONSC-SOD-323-2-477-02_V)
Added Component: Designator=D13(ONSC-SOD-323-2-477-02_V)
Added Component: Designator=D14(ONSC-SOD-323-2-477-02_V)
Added Component: Designator=D15(ONSC-SOD-323-2-477-02_V)
Added Component: Designator=D16(ONSC-SOD-323-2-477-02_V)
Added Component: Designator=L1(MURA-BLM31-B60-CHIP-2_V1)
Added Component: Designator=R1(RESC0603(1608)_L)
Added Component: Designator=R2(RESC0603(1608)_L)
Added Component: Designator=R3(RESC0603(1608)_L)
Added Component: Designator=R4(RESC0603(1608)_L)
Added Component: Designator=R5(RESC0603(1608)_M)
Added Component: Designator=R6(RESC0603(1608)_L)
Added Component: Designator=R8(RESC0603(1608)_N)
Added Component: Designator=R9(RESC0603(1608)_N)
Added Component: Designator=R10(RESC0603(1608)_L)
Added Component: Designator=R11(RESC0603(1608)_L)
Added Component: Designator=R12(RESC0603(1608)_L)
Added Component: Designator=R13(RESC0603(1608)_L)
Added Component: Designator=R14(RESC0603(1608)_L)
Added Component: Designator=R15(RESC0603(1608)_N)
Added Component: Designator=R16(RESC0603(1608)_L)
Added Component: Designator=R17(RESC0603(1608)_N)
Added Component: Designator=R18(RESC0603(1608)_L)
Added Component: Designator=R19(RESC0603(1608)_N)
Added Component: Designator=R20(RESC0603(1608)_L)
Added Component: Designator=R21(RESC0603(1608)_N)
Added Component: Designator=R22(RESC0603(1608)_L)
Added Component: Designator=R23(RESC0603(1608)_N)
Added Component: Designator=R24(RESC0603(1608)_L)
Added Component: Designator=R25(RESC0603(1608)_N)
Added Component: Designator=R26(RESC0603(1608)_L)
Added Component: Designator=R27(RESC0603(1608)_N)
Added Component: Designator=R28(RESC0603(1608)_L)
Added Component: Designator=R29(RESC0603(1608)_N)
Added Component: Designator=R30(RESC0603(1608)_L)
Added Component: Designator=R31(RESC0603(1608)_N)
Added Component: Designator=R32(RESC0603(1608)_L)
Added Component: Designator=R33(RESC0603(1608)_N)
Added Component: Designator=R34(RESC0603(1608)_L)
Added Component: Designator=R35(RESC0603(1608)_N)
Added Component: Designator=R36(RESC0603(1608)_L)
Added Component: Designator=R37(RESC0603(1608)_N)
Added Component: Designator=R38(RESC2512(6432)_N)
Added Component: Designator=R39(RESC2512(6432)_N)
Added Component: Designator=R40(RESC2512(6432)_N)
Added Component: Designator=R41(RESC2512(6432)_N)
Added Component: Designator=R42(RESC2512(6432)_N)
Added Component: Designator=R43(RESC2512(6432)_N)
Added Component: Designator=R44(RESC2512(6432)_N)
Added Component: Designator=R45(RESC2512(6432)_N)
Added Component: Designator=R46(RESC2512(6432)_N)
Added Component: Designator=R47(RESC2512(6432)_N)
Added Component: Designator=R48(RESC2512(6432)_N)
Added Component: Designator=R49(RESC2512(6432)_N)
Added Component: Designator=U1(LT-G-44_L)
Added Component: Designator=U2(LT-T-5-S)
Added Component: Designator=U5(M08A_M)
Added Pin To Net: NetName=GND Pin=C1-1
Added Pin To Net: NetName=NTC1 Pin=C1-2
Added Pin To Net: NetName=V- Pin=C2-1
Added Pin To Net: NetName=NetC2_2 Pin=C2-2
Added Pin To Net: NetName=GND Pin=C3-1
Added Pin To Net: NetName=NTC2 Pin=C3-2
Added Pin To Net: NetName=GND Pin=C4-1
Added Pin To Net: NetName=VREG Pin=C4-2
Added Pin To Net: NetName=GND Pin=C5-1
Added Pin To Net: NetName=NetC5_2 Pin=C5-2
Added Pin To Net: NetName=GND Pin=C6-1
Added Pin To Net: NetName=NetC6_2 Pin=C6-2
Added Pin To Net: NetName=GND Pin=C7-1
Added Pin To Net: NetName=NetC7_2 Pin=C7-2
Added Pin To Net: NetName=GND Pin=C8-1
Added Pin To Net: NetName=NetC8_2 Pin=C8-2
Added Pin To Net: NetName=GND Pin=C9-1
Added Pin To Net: NetName=NetC9_2 Pin=C9-2
Added Pin To Net: NetName=GND Pin=C10-1
Added Pin To Net: NetName=NetC10_2 Pin=C10-2
Added Pin To Net: NetName=GND Pin=C11-1
Added Pin To Net: NetName=NetC11_2 Pin=C11-2
Added Pin To Net: NetName=GND Pin=C12-1
Added Pin To Net: NetName=NetC12_2 Pin=C12-2
Added Pin To Net: NetName=GND Pin=C13-1
Added Pin To Net: NetName=NetC13_2 Pin=C13-2
Added Pin To Net: NetName=GND Pin=C14-1
Added Pin To Net: NetName=NetC14_2 Pin=C14-2
Added Pin To Net: NetName=GND Pin=C15-1
Added Pin To Net: NetName=NetC15_2 Pin=C15-2
Added Pin To Net: NetName=GND Pin=C16-1
Added Pin To Net: NetName=NetC16_2 Pin=C16-2
Added Pin To Net: NetName=GND Pin=C17-1
Added Pin To Net: NetName=NetC17_2 Pin=C17-2
Added Pin To Net: NetName=GND Pin=C19-1
Added Pin To Net: NetName=NetC19_2 Pin=C19-2
Added Pin To Net: NetName=VCC Pin=C20-1
Added Pin To Net: NetName=GND Pin=C20-2
Added Pin To Net: NetName=VCC Pin=C21-1
Added Pin To Net: NetName=GND Pin=C21-2
Added Pin To Net: NetName=NetC23_1 Pin=C23-1
Added Pin To Net: NetName=NetC23_2 Pin=C23-2
Added Pin To Net: NetName=NetC23_1 Pin=C24-1
Added Pin To Net: NetName=NetC23_2 Pin=C24-2
Added Pin To Net: NetName=NetC23_1 Pin=C25-1
Added Pin To Net: NetName=NetC23_2 Pin=C25-2
Added Pin To Net: NetName=NetC23_1 Pin=C26-1
Added Pin To Net: NetName=NetC23_2 Pin=C26-2
Added Pin To Net: NetName=GND Pin=C27-1
Added Pin To Net: NetName=NetC27_2 Pin=C27-2
Added Pin To Net: NetName=NetD2_1 Pin=D2-1
Added Pin To Net: NetName=GND Pin=D2-2
Added Pin To Net: NetName=NetC6_2 Pin=D5-1
Added Pin To Net: NetName=NetC7_2 Pin=D5-2
Added Pin To Net: NetName=NetC7_2 Pin=D6-1
Added Pin To Net: NetName=NetC8_2 Pin=D6-2
Added Pin To Net: NetName=NetC8_2 Pin=D7-1
Added Pin To Net: NetName=NetC9_2 Pin=D7-2
Added Pin To Net: NetName=NetC9_2 Pin=D8-1
Added Pin To Net: NetName=NetC10_2 Pin=D8-2
Added Pin To Net: NetName=NetC10_2 Pin=D9-1
Added Pin To Net: NetName=NetC11_2 Pin=D9-2
Added Pin To Net: NetName=NetC11_2 Pin=D10-1
Added Pin To Net: NetName=NetC12_2 Pin=D10-2
Added Pin To Net: NetName=NetC12_2 Pin=D11-1
Added Pin To Net: NetName=NetC13_2 Pin=D11-2
Added Pin To Net: NetName=NetC13_2 Pin=D12-1
Added Pin To Net: NetName=NetC14_2 Pin=D12-2
Added Pin To Net: NetName=NetC14_2 Pin=D13-1
Added Pin To Net: NetName=NetC15_2 Pin=D13-2
Added Pin To Net: NetName=NetC15_2 Pin=D14-1
Added Pin To Net: NetName=NetC16_2 Pin=D14-2
Added Pin To Net: NetName=NetC16_2 Pin=D15-1
Added Pin To Net: NetName=NetC17_2 Pin=D15-2
Added Pin To Net: NetName=NetC17_2 Pin=D16-1
Added Pin To Net: NetName=GND Pin=D16-2
Added Pin To Net: NetName=VDD Pin=L1-1
Added Pin To Net: NetName=NetD1_1 Pin=L1-2
Added Pin To Net: NetName=VREG Pin=R1-1
Added Pin To Net: NetName=NetR1_2 Pin=R1-2
Added Pin To Net: NetName=VREG Pin=R2-1
Added Pin To Net: NetName=NetR2_2 Pin=R2-2
Added Pin To Net: NetName=VREG Pin=R3-1
Added Pin To Net: NetName=NetR3_2 Pin=R3-2
Added Pin To Net: NetName=GND Pin=R4-1
Added Pin To Net: NetName=V- Pin=R4-2
Added Pin To Net: NetName=NetC19_2 Pin=R5-1
Added Pin To Net: NetName=NetR5_2 Pin=R5-2
Added Pin To Net: NetName=VCC Pin=R6-1
Added Pin To Net: NetName=NetR6_2 Pin=R6-2
Added Pin To Net: NetName=NTC2 Pin=R8-1
Added Pin To Net: NetName=NetC5_2 Pin=R8-2
Added Pin To Net: NetName=NTC1 Pin=R9-1
Added Pin To Net: NetName=NetC5_2 Pin=R9-2
Added Pin To Net: NetName=NetC2_2 Pin=R10-1
Added Pin To Net: NetName=NetD1_1 Pin=R10-2
Added Pin To Net: NetName=VREG Pin=R11-1
Added Pin To Net: NetName=NetR11_2 Pin=R11-2
Added Pin To Net: NetName=VREG Pin=R12-1
Added Pin To Net: NetName=NetR12_2 Pin=R12-2
Added Pin To Net: NetName=VREG Pin=R13-1
Added Pin To Net: NetName=NetR13_2 Pin=R13-2
Added Pin To Net: NetName=NetC6_2 Pin=R14-1
Added Pin To Net: NetName=CELL12 Pin=R14-2
Added Pin To Net: NetName=NetR15_1 Pin=R15-1
Added Pin To Net: NetName=NetQ1_2 Pin=R15-2
Added Pin To Net: NetName=NetC7_2 Pin=R16-1
Added Pin To Net: NetName=CELL11 Pin=R16-2
Added Pin To Net: NetName=NetR17_1 Pin=R17-1
Added Pin To Net: NetName=NetQ2_2 Pin=R17-2
Added Pin To Net: NetName=NetC8_2 Pin=R18-1
Added Pin To Net: NetName=CELL10 Pin=R18-2
Added Pin To Net: NetName=NetR19_1 Pin=R19-1
Added Pin To Net: NetName=NetQ3_2 Pin=R19-2
Added Pin To Net: NetName=NetC9_2 Pin=R20-1
Added Pin To Net: NetName=CELL9 Pin=R20-2
Added Pin To Net: NetName=NetR21_1 Pin=R21-1
Added Pin To Net: NetName=NetQ4_2 Pin=R21-2
Added Pin To Net: NetName=NetC10_2 Pin=R22-1
Added Pin To Net: NetName=CELL8 Pin=R22-2
Added Pin To Net: NetName=NetR23_1 Pin=R23-1
Added Pin To Net: NetName=NetQ5_2 Pin=R23-2
Added Pin To Net: NetName=NetC11_2 Pin=R24-1
Added Pin To Net: NetName=CELL7 Pin=R24-2
Added Pin To Net: NetName=NetR25_1 Pin=R25-1
Added Pin To Net: NetName=NetQ6_2 Pin=R25-2
Added Pin To Net: NetName=NetC12_2 Pin=R26-1
Added Pin To Net: NetName=CELL6 Pin=R26-2
Added Pin To Net: NetName=NetR27_1 Pin=R27-1
Added Pin To Net: NetName=NetQ7_2 Pin=R27-2
Added Pin To Net: NetName=NetC13_2 Pin=R28-1
Added Pin To Net: NetName=CELL5 Pin=R28-2
Added Pin To Net: NetName=NetR29_1 Pin=R29-1
Added Pin To Net: NetName=NetQ8_2 Pin=R29-2
Added Pin To Net: NetName=NetC14_2 Pin=R30-1
Added Pin To Net: NetName=CELL4 Pin=R30-2
Added Pin To Net: NetName=NetR31_1 Pin=R31-1
Added Pin To Net: NetName=NetQ9_2 Pin=R31-2
Added Pin To Net: NetName=NetC15_2 Pin=R32-1
Added Pin To Net: NetName=CELL3 Pin=R32-2
Added Pin To Net: NetName=NetR33_1 Pin=R33-1
Added Pin To Net: NetName=NetQ10_2 Pin=R33-2
Added Pin To Net: NetName=NetC16_2 Pin=R34-1
Added Pin To Net: NetName=CELL2 Pin=R34-2
Added Pin To Net: NetName=NetR35_1 Pin=R35-1
Added Pin To Net: NetName=NetQ11_2 Pin=R35-2
Added Pin To Net: NetName=NetC17_2 Pin=R36-1
Added Pin To Net: NetName=CELL1 Pin=R36-2
Added Pin To Net: NetName=NetR37_1 Pin=R37-1
Added Pin To Net: NetName=NetQ12_2 Pin=R37-2
Added Pin To Net: NetName=CELL11 Pin=R38-1
Added Pin To Net: NetName=NetQ1_3 Pin=R38-2
Added Pin To Net: NetName=CELL10 Pin=R39-1
Added Pin To Net: NetName=NetQ2_3 Pin=R39-2
Added Pin To Net: NetName=CELL9 Pin=R40-1
Added Pin To Net: NetName=NetQ3_3 Pin=R40-2
Added Pin To Net: NetName=CELL8 Pin=R41-1
Added Pin To Net: NetName=NetQ4_3 Pin=R41-2
Added Pin To Net: NetName=CELL7 Pin=R42-1
Added Pin To Net: NetName=NetQ5_3 Pin=R42-2
Added Pin To Net: NetName=CELL6 Pin=R43-1
Added Pin To Net: NetName=NetQ6_3 Pin=R43-2
Added Pin To Net: NetName=CELL5 Pin=R44-1
Added Pin To Net: NetName=NetQ7_3 Pin=R44-2
Added Pin To Net: NetName=CELL4 Pin=R45-1
Added Pin To Net: NetName=NetQ8_3 Pin=R45-2
Added Pin To Net: NetName=CELL3 Pin=R46-1
Added Pin To Net: NetName=NetQ9_3 Pin=R46-2
Added Pin To Net: NetName=CELL2 Pin=R47-1
Added Pin To Net: NetName=NetQ10_3 Pin=R47-2
Added Pin To Net: NetName=CELL1 Pin=R48-1
Added Pin To Net: NetName=NetQ11_3 Pin=R48-2
Added Pin To Net: NetName=GND Pin=R49-1
Added Pin To Net: NetName=NetQ12_3 Pin=R49-2
Added Pin To Net: NetName=NetC2_2 Pin=U1-4
Added Pin To Net: NetName=NetC6_2 Pin=U1-5
Added Pin To Net: NetName=NetR15_1 Pin=U1-6
Added Pin To Net: NetName=NetC7_2 Pin=U1-7
Added Pin To Net: NetName=NetR17_1 Pin=U1-8
Added Pin To Net: NetName=NetC8_2 Pin=U1-9
Added Pin To Net: NetName=NetR19_1 Pin=U1-10
Added Pin To Net: NetName=NetC9_2 Pin=U1-11
Added Pin To Net: NetName=NetR21_1 Pin=U1-12
Added Pin To Net: NetName=NetC10_2 Pin=U1-13
Added Pin To Net: NetName=NetR23_1 Pin=U1-14
Added Pin To Net: NetName=NetC11_2 Pin=U1-15
Added Pin To Net: NetName=NetR25_1 Pin=U1-16
Added Pin To Net: NetName=NetC12_2 Pin=U1-17
Added Pin To Net: NetName=NetR27_1 Pin=U1-18
Added Pin To Net: NetName=NetC13_2 Pin=U1-19
Added Pin To Net: NetName=NetR29_1 Pin=U1-20
Added Pin To Net: NetName=NetC14_2 Pin=U1-21
Added Pin To Net: NetName=NetR31_1 Pin=U1-22
Added Pin To Net: NetName=NetC15_2 Pin=U1-23
Added Pin To Net: NetName=NetR33_1 Pin=U1-24
Added Pin To Net: NetName=NetC16_2 Pin=U1-25
Added Pin To Net: NetName=NetR35_1 Pin=U1-26
Added Pin To Net: NetName=NetC17_2 Pin=U1-27
Added Pin To Net: NetName=NetR37_1 Pin=U1-28
Added Pin To Net: NetName=GND Pin=U1-29
Added Pin To Net: NetName=V- Pin=U1-30
Added Pin To Net: NetName=GND Pin=U1-31
Added Pin To Net: NetName=NTC1 Pin=U1-32
Added Pin To Net: NetName=NTC2 Pin=U1-33
Added Pin To Net: NetName=NetC5_2 Pin=U1-34
Added Pin To Net: NetName=VREG Pin=U1-35
Added Pin To Net: NetName=VREG Pin=U1-36
Added Pin To Net: NetName=NetR12_2 Pin=U1-37
Added Pin To Net: NetName=NetR13_2 Pin=U1-38
Added Pin To Net: NetName=NetR11_2 Pin=U1-39
Added Pin To Net: NetName=VREG Pin=U1-40
Added Pin To Net: NetName=NetR1_2 Pin=U1-41
Added Pin To Net: NetName=NetR2_2 Pin=U1-42
Added Pin To Net: NetName=NetR6_2 Pin=U1-43
Added Pin To Net: NetName=NetR3_2 Pin=U1-44
Added Pin To Net: NetName=NetC22_1 Pin=U2-1
Added Pin To Net: NetName=NetR5_2 Pin=U2-2
Added Pin To Net: NetName=GND Pin=U2-3
Added Pin To Net: NetName=NetD2_1 Pin=U2-4
Added Pin To Net: NetName=VDD Pin=U2-5
Added Pin To Net: NetName=B+ Pin=U5-1
Added Pin To Net: NetName=GND Pin=U5-2
Added Pin To Net: NetName=NetC27_2 Pin=U5-3
Added Pin To Net: NetName=NetC27_2 Pin=U5-4
Added Pin To Net: NetName=SENSE Pin=U5-5
Added Pin To Net: NetName=VCC Pin=U5-6
Added Pin To Net: NetName=VCC Pin=U5-7
Added Pin To Net: NetName=VCC Pin=U5-8
Added Member To Class: ClassName=U_LTC6803 Member=Component C1 1uF
Added Member To Class: ClassName=U_LTC6803 Member=Component C2 100nF
Added Member To Class: ClassName=U_LTC6803 Member=Component C3 1uF
Added Member To Class: ClassName=U_LTC6803 Member=Component C4 1uF
Added Member To Class: ClassName=U_LTC6803 Member=Component C5 1uF
Added Member To Class: ClassName=U_LTC6803 Member=Component C6 100nF
Added Member To Class: ClassName=U_LTC6803 Member=Component C7 100nF
Added Member To Class: ClassName=U_LTC6803 Member=Component C8 100nF
Added Member To Class: ClassName=U_LTC6803 Member=Component C9 100nF
Added Member To Class: ClassName=U_LTC6803 Member=Component C10 100nF
Added Member To Class: ClassName=U_LTC6803 Member=Component C11 100nF
Added Member To Class: ClassName=U_LTC6803 Member=Component C12 100nF
Added Member To Class: ClassName=U_LTC6803 Member=Component C13 100nF
Added Member To Class: ClassName=U_LTC6803 Member=Component C14 100nF
Added Member To Class: ClassName=U_LTC6803 Member=Component C15 100nF
Added Member To Class: ClassName=U_LTC6803 Member=Component C16 100nF
Added Member To Class: ClassName=U_LTC6803 Member=Component C17 100nF
Added Member To Class: ClassName=U_MCU Member=Component C19 33nF
Added Member To Class: ClassName=U_MCU Member=Component C20 2.2uF
Added Member To Class: ClassName=U_MCU Member=Component C21 100uF
Added Member To Class: ClassName=U_MCU Member=Component C23 2.2uF
Added Member To Class: ClassName=U_MCU Member=Component C24 2.2uF
Added Member To Class: ClassName=U_MCU Member=Component C25 2.2uF
Added Member To Class: ClassName=U_MCU Member=Component C26 2.2uF
Added Member To Class: ClassName=U_MCU Member=Component C27 2.2uF
Added Member To Class: ClassName=U_MCU Member=Component D2 
Added Member To Class: ClassName=U_LTC6803 Member=Component D5 
Added Member To Class: ClassName=U_LTC6803 Member=Component D6 
Added Member To Class: ClassName=U_LTC6803 Member=Component D7 
Added Member To Class: ClassName=U_LTC6803 Member=Component D8 
Added Member To Class: ClassName=U_LTC6803 Member=Component D9 
Added Member To Class: ClassName=U_LTC6803 Member=Component D10 
Added Member To Class: ClassName=U_LTC6803 Member=Component D11 
Added Member To Class: ClassName=U_LTC6803 Member=Component D12 
Added Member To Class: ClassName=U_LTC6803 Member=Component D13 
Added Member To Class: ClassName=U_LTC6803 Member=Component D14 
Added Member To Class: ClassName=U_LTC6803 Member=Component D15 
Added Member To Class: ClassName=U_LTC6803 Member=Component D16 
Added Member To Class: ClassName=U_LTC6803 Member=Component L1 
Added Member To Class: ClassName=U_LTC6803 Member=Component R1 1M
Added Member To Class: ClassName=U_LTC6803 Member=Component R2 1M
Added Member To Class: ClassName=U_LTC6803 Member=Component R3 1M
Added Member To Class: ClassName=U_LTC6803 Member=Component R4 100R
Added Member To Class: ClassName=U_MCU Member=Component R5 1K5
Added Member To Class: ClassName=U_MCU Member=Component R6 1K
Added Member To Class: ClassName=U_LTC6803 Member=Component R8 100K
Added Member To Class: ClassName=U_LTC6803 Member=Component R9 100K
Added Member To Class: ClassName=U_LTC6803 Member=Component R10 100R
Added Member To Class: ClassName=U_LTC6803 Member=Component R11 1M
Added Member To Class: ClassName=U_LTC6803 Member=Component R12 1M
Added Member To Class: ClassName=U_LTC6803 Member=Component R13 1M
Added Member To Class: ClassName=U_LTC6803 Member=Component R14 100R
Added Member To Class: ClassName=U_LTC6803 Member=Component R15 3K3
Added Member To Class: ClassName=U_LTC6803 Member=Component R16 100R
Added Member To Class: ClassName=U_LTC6803 Member=Component R17 3K3
Added Member To Class: ClassName=U_LTC6803 Member=Component R18 100R
Added Member To Class: ClassName=U_LTC6803 Member=Component R19 3K3
Added Member To Class: ClassName=U_LTC6803 Member=Component R20 100R
Added Member To Class: ClassName=U_LTC6803 Member=Component R21 3K3
Added Member To Class: ClassName=U_LTC6803 Member=Component R22 100R
Added Member To Class: ClassName=U_LTC6803 Member=Component R23 3K3
Added Member To Class: ClassName=U_LTC6803 Member=Component R24 100R
Added Member To Class: ClassName=U_LTC6803 Member=Component R25 3K3
Added Member To Class: ClassName=U_LTC6803 Member=Component R26 100R
Added Member To Class: ClassName=U_LTC6803 Member=Component R27 3K3
Added Member To Class: ClassName=U_LTC6803 Member=Component R28 100R
Added Member To Class: ClassName=U_LTC6803 Member=Component R29 3K3
Added Member To Class: ClassName=U_LTC6803 Member=Component R30 100R
Added Member To Class: ClassName=U_LTC6803 Member=Component R31 3K3
Added Member To Class: ClassName=U_LTC6803 Member=Component R32 100R
Added Member To Class: ClassName=U_LTC6803 Member=Component R33 3K3
Added Member To Class: ClassName=U_LTC6803 Member=Component R34 100R
Added Member To Class: ClassName=U_LTC6803 Member=Component R35 3K3
Added Member To Class: ClassName=U_LTC6803 Member=Component R36 100R
Added Member To Class: ClassName=U_LTC6803 Member=Component R37 3K3
Added Member To Class: ClassName=U_LTC6803 Member=Component R38 3R3
Added Member To Class: ClassName=U_LTC6803 Member=Component R39 3R3
Added Member To Class: ClassName=U_LTC6803 Member=Component R40 3R3
Added Member To Class: ClassName=U_LTC6803 Member=Component R41 3R3
Added Member To Class: ClassName=U_LTC6803 Member=Component R42 3R3
Added Member To Class: ClassName=U_LTC6803 Member=Component R43 3R3
Added Member To Class: ClassName=U_LTC6803 Member=Component R44 3R3
Added Member To Class: ClassName=U_LTC6803 Member=Component R45 3R3
Added Member To Class: ClassName=U_LTC6803 Member=Component R46 3R3
Added Member To Class: ClassName=U_LTC6803 Member=Component R47 3R3
Added Member To Class: ClassName=U_LTC6803 Member=Component R48 3R3
Added Member To Class: ClassName=U_LTC6803 Member=Component R49 3R3
Added Member To Class: ClassName=U_LTC6803 Member=Component U1 LTC6803HG-3#PBF
Added Member To Class: ClassName=U_MCU Member=Component U2 LT1076HVCT-5
Added Member To Class: ClassName=U_MCU Member=Component U5 LMP8602
