Removed Pin From Net: NetName=VDD Pin=C33-1
Removed Pin From Net: NetName=VDD Pin=C41-2
Removed Pin From Net: NetName=GND Pin=D18-2
Removed Pin From Net: NetName=VCC Pin=P3-2
Removed Pin From Net: NetName=VDD Pin=Q13-8
Removed Pin From Net: NetName=VDD Pin=Q14-8
Removed Pin From Net: NetName=VDD Pin=Q19-3
Removed Pin From Net: NetName=VDD Pin=Q19-3
Removed Pin From Net: NetName=VDD Pin=Q19-3
Removed Pin From Net: NetName=VDD Pin=Q19-3
Removed Pin From Net: NetName=VDD Pin=Q23-2
Removed Pin From Net: NetName=VDD Pin=R7-1
Removed Pin From Net: NetName=VDD Pin=R60-2
Removed Pin From Net: NetName=VDD Pin=U5-8
Removed Pin From Net: NetName=VDD Pin=U7-20
Removed Member From Class: ClassName=U_MCU Member=D18
Change Component DesignItemId : Designator=P3 Old DesignItemId=Header 2 New DesignItemId=Header 3
Change Component Footprint: Designator=P3 Old Footprint=HDR1X2 New Footprint=HDR1X3
Change Component Comment : Designator=R57 Old Comment=1M74 New Comment=174K
Change Component Comment : Designator=R60 Old Comment=1M74 New Comment=174K
Change Component Comment : Designator=R55 Old Comment=107K New Comment=10K7
Change Component Comment : Designator=R56 Old Comment=107K New Comment=10K7
Change Component Comment : Designator=P3 Old Comment=Header 2 New Comment=Header 3
Added Component: Designator=Q21(SOIC127P600X175-8N)
Added Component: Designator=Q22(SOT23-3)
Added Component: Designator=Q24(SOT23-3)
Added Component: Designator=R62(RESC0603(1608)_L)
Added Component: Designator=R64(RESC0603(1608)_L)
Added Component: Designator=R65(RESC0603(1608)_L)
Added Component: Designator=R66(RESC0603(1608)_L)
Added Component: Designator=R67(RESC0603(1608)_L)
Added Pin To Net: NetName=VDD Pin=P3-2
Added Pin To Net: NetName=VDD Pin=Q21-1
Added Pin To Net: NetName=VDD Pin=Q21-1
Added Pin To Net: NetName=VDD Pin=Q21-1
Added Pin To Net: NetName=GND Pin=Q22-3
Added Pin To Net: NetName=VDD Pin=Q24-2
Added Pin To Net: NetName=GND Pin=R64-1
Added Pin To Net: NetName=C+ Pin=R65-2
Added Pin To Net: NetName=GND Pin=R66-1
Added Pin To Net: NetName=VDD Pin=U8-15
Added Pin To Net: NetName=NetP3_1 Pin=P3-1
Added Pin To Net: NetName=NetP3_1 Pin=R62-2
Added Net: Name=NetP3_1
Added Pin To Net: NetName=NetQ22_1 Pin=Q22-1
Added Pin To Net: NetName=NetQ22_1 Pin=R65-1
Added Pin To Net: NetName=NetQ22_1 Pin=R66-2
Added Net: Name=NetQ22_1
Added Pin To Net: NetName=NetQ22_2 Pin=Q22-2
Added Pin To Net: NetName=NetQ22_2 Pin=Q24-1
Added Pin To Net: NetName=NetQ22_2 Pin=R67-1
Added Net: Name=NetQ22_2
Added Pin To Net: NetName=POWER_GATE Pin=Q21-2
Added Pin To Net: NetName=POWER_GATE Pin=U8-14
Added Net: Name=POWER_GATE
Added Pin To Net: NetName=POWER_SWITCH_NC Pin=R62-1
Added Pin To Net: NetName=POWER_SWITCH_NC Pin=R64-2
Added Pin To Net: NetName=POWER_SWITCH_NC Pin=U3-19/A5
Added Net: Name=POWER_SWITCH_NC
Added Pin To Net: NetName=POWER Pin=U3-18/A4
Added Pin To Net: NetName=POWER Pin=U8-7
Added Net: Name=POWER
Added Pin To Net: NetName=VBB Pin=C33-1
Added Pin To Net: NetName=VBB Pin=C41-2
Added Pin To Net: NetName=VBB Pin=P3-3
Added Pin To Net: NetName=VBB Pin=Q13-8
Added Pin To Net: NetName=VBB Pin=Q14-8
Added Pin To Net: NetName=VBB Pin=Q19-3
Added Pin To Net: NetName=VBB Pin=Q19-3
Added Pin To Net: NetName=VBB Pin=Q19-3
Added Pin To Net: NetName=VBB Pin=Q19-3
Added Pin To Net: NetName=VBB Pin=Q21-3
Added Pin To Net: NetName=VBB Pin=Q21-3
Added Pin To Net: NetName=VBB Pin=Q21-3
Added Pin To Net: NetName=VBB Pin=Q21-3
Added Pin To Net: NetName=VBB Pin=Q23-2
Added Pin To Net: NetName=VBB Pin=Q24-3
Added Pin To Net: NetName=VBB Pin=R7-1
Added Pin To Net: NetName=VBB Pin=R60-2
Added Pin To Net: NetName=VBB Pin=R67-2
Added Pin To Net: NetName=VBB Pin=U5-8
Added Pin To Net: NetName=VBB Pin=U7-20
Added Net: Name=VBB
Added Member To Class: ClassName=U_MCU Member=Component Q21 MOSFET-N
Added Member To Class: ClassName=U_Charging Member=Component Q22 MOSFET-N
Added Member To Class: ClassName=U_Charging Member=Component Q24 MOSFET-P
Added Member To Class: ClassName=U_MCU Member=Component R62 464K
Added Member To Class: ClassName=U_MCU Member=Component R64 36K
Added Member To Class: ClassName=U_Charging Member=Component R65 10K
Added Member To Class: ClassName=U_Charging Member=Component R66 3K6
Added Member To Class: ClassName=U_Charging Member=Component R67 10K
