Removed Pin From Net: NetName=VDD Pin=C18-1
Removed Pin From Net: NetName=GND Pin=C18-2
Removed Pin From Net: NetName=+5V Pin=C19-1
Removed Pin From Net: NetName=VCC Pin=C20-1
Removed Pin From Net: NetName=GND Pin=C20-2
Removed Pin From Net: NetName=VCC Pin=C21-1
Removed Pin From Net: NetName=GND Pin=C21-2
Removed Pin From Net: NetName=GND Pin=C28-2
Removed Pin From Net: NetName=C+ Pin=C29-1
Removed Pin From Net: NetName=GND Pin=C29-2
Removed Pin From Net: NetName=GND Pin=C30-1
Removed Pin From Net: NetName=VCC Pin=C30-2
Removed Pin From Net: NetName=GND Pin=C31-1
Removed Pin From Net: NetName=VCC Pin=C31-2
Removed Pin From Net: NetName=GND Pin=C34-1
Removed Pin From Net: NetName=C+ Pin=C34-2
Removed Pin From Net: NetName=GND Pin=C35-2
Removed Pin From Net: NetName=GND Pin=C36-1
Removed Pin From Net: NetName=GND Pin=C37-1
Removed Pin From Net: NetName=C+ Pin=C37-2
Removed Pin From Net: NetName=GND Pin=C38-1
Removed Pin From Net: NetName=GND Pin=C39-2
Removed Pin From Net: NetName=GND Pin=C40-1
Removed Pin From Net: NetName=GND Pin=C42-1
Removed Pin From Net: NetName=GND Pin=D2-2
Removed Pin From Net: NetName=NetC32_2 Pin=D3-1
Removed Pin From Net: NetName=NetC38_2 Pin=D3-2
Removed Pin From Net: NetName=+5V Pin=L2-2
Removed Pin From Net: NetName=NetC32_1 Pin=L3-2
Removed Pin From Net: NetName=GND Pin=Q15-1
Removed Pin From Net: NetName=GND Pin=Q15-1
Removed Pin From Net: NetName=GND Pin=Q15-1
Removed Pin From Net: NetName=NetC32_1 Pin=Q15-3
Removed Pin From Net: NetName=NetC32_1 Pin=Q15-3
Removed Pin From Net: NetName=NetC32_1 Pin=Q15-3
Removed Pin From Net: NetName=NetC32_1 Pin=Q15-3
Removed Pin From Net: NetName=NetC32_1 Pin=Q16-1
Removed Pin From Net: NetName=NetC32_1 Pin=Q16-1
Removed Pin From Net: NetName=NetC32_1 Pin=Q16-1
Removed Pin From Net: NetName=VDD Pin=Q17-2
Removed Pin From Net: NetName=VDD Pin=Q17-2
Removed Pin From Net: NetName=VDD Pin=Q17-2
Removed Pin From Net: NetName=VDD Pin=Q17-2
Removed Pin From Net: NetName=VDD Pin=Q17-2
Removed Pin From Net: NetName=GND Pin=R54-1
Removed Pin From Net: NetName=NetC38_2 Pin=R57-1
Removed Pin From Net: NetName=VDD Pin=U2-1
Removed Pin From Net: NetName=GND Pin=U2-3
Removed Pin From Net: NetName=+5V Pin=U2-4
Removed Pin From Net: NetName=GND Pin=U2-5
Removed Pin From Net: NetName=GND Pin=U3-GND1
Removed Pin From Net: NetName=+5V Pin=U4-3
Removed Pin From Net: NetName=SENSE Pin=U5-5
Removed Pin From Net: NetName=NetC38_2 Pin=U6-1
Removed Pin From Net: NetName=NetC38_2 Pin=U6-2
Removed Pin From Net: NetName=NetC38_2 Pin=U6-3
Removed Pin From Net: NetName=NetC38_2 Pin=U6-5
Removed Pin From Net: NetName=C+ Pin=U6-9
Removed Pin From Net: NetName=GND Pin=U6-12
Removed Pin From Net: NetName=NetC32_1 Pin=U6-13
Removed Pin From Net: NetName=NetQ16_1 Pin=U6-14
Removed Pin From Net: NetName=NetC32_2 Pin=U6-15
Removed Pin From Net: NetName=NetQ15_1 Pin=U6-16
Removed Pin From Net: NetName=NetC38_2 Pin=U6-17
Removed Pin From Net: NetName=GND Pin=U6-18
Removed Pin From Net: NetName=C+ Pin=U6-19
Removed Pin From Net: NetName=GND Pin=U6-21
Removed Pin From Net: NetName=GND Pin=U7-5
Removed Pin From Net: NetName=GND Pin=U7-6
Removed Pin From Net: NetName=C+ Pin=U7-8
Removed Pin From Net: NetName=NetU3_9 Pin=U7-13
Removed Pin From Net: NetName=NetR1_2 Pin=U7-14
Removed Pin From Net: NetName=VCC Pin=U7-15
Removed Pin From Net: NetName=GND Pin=U7-16
Removed Pin From Net: NetName=VDD Pin=U8-15
Removed Member From Class: ClassName=U_Charging Member=C28
Removed Member From Class: ClassName=U_Charging Member=C29
Removed Member From Class: ClassName=U_Charging Member=C30
Removed Member From Class: ClassName=U_Charging Member=C31
Removed Member From Class: ClassName=U_Charging Member=C42
Removed Member From Class: ClassName=U_Charging Member=U6
Change Component DesignItemId : Designator=U7 Old DesignItemId=AD5761BRUZ New DesignItemId=LTC4020EUHF
Change Component DesignItemId : Designator=C18 Old DesignItemId=CAP 100uF 63V New DesignItemId=CMP-1037-04982-1
Change Component DesignItemId : Designator=C19 Old DesignItemId=CAP 330uF 6.3V New DesignItemId=CMP-1036-04900-1
Change Component DesignItemId : Designator=U2 Old DesignItemId=CMP-0069-00099-2 New DesignItemId=LTC3637
Change Component DesignItemId : Designator=C21 Old DesignItemId=CMP-0279-00002-1 New DesignItemId=CMP-1038-02301-1
Change Component DesignItemId : Designator=D2 Old DesignItemId=CMP-0902-00297-1 New DesignItemId=D Schottky
Change Component DesignItemId : Designator=R56 Old DesignItemId=CMP-1012-00102-1 New DesignItemId=CMP-1012-00123-1
Change Component DesignItemId : Designator=R57 Old DesignItemId=CMP-1012-00122-1 New DesignItemId=CMP-1012-00152-1
Change Component DesignItemId : Designator=R54 Old DesignItemId=CMP-1012-00633-1 New DesignItemId=CMP-1012-00680-1
Change Component DesignItemId : Designator=R53 Old DesignItemId=CMP-1012-00775-1 New DesignItemId=CMP-1014-00171-1
Change Component DesignItemId : Designator=R55 Old DesignItemId=CMP-1012-00811-1 New DesignItemId=CMP-1012-00123-1
Change Component DesignItemId : Designator=R52 Old DesignItemId=CMP-1017-00002-1 New DesignItemId=CMP-1014-00171-1
Change Component DesignItemId : Designator=C35 Old DesignItemId=CMP-1035-01398-1 New DesignItemId=CMP-1035-02779-1
Change Component DesignItemId : Designator=C39 Old DesignItemId=CMP-1035-02358-1 New DesignItemId=CMP-1035-01943-1
Change Component DesignItemId : Designator=C32 Old DesignItemId=CMP-1035-02575-1 New DesignItemId=CMP-1035-02740-1
Change Component DesignItemId : Designator=C31 Old DesignItemId=CMP-1035-02587-1 New DesignItemId=AVX-CAP-P-2
Change Component DesignItemId : Designator=C37 Old DesignItemId=CMP-1035-02587-1 New DesignItemId=CMP-1035-01762-1
Change Component DesignItemId : Designator=C20 Old DesignItemId=CMP-1035-02762-1 New DesignItemId=CMP-1038-02301-1
Change Component DesignItemId : Designator=C38 Old DesignItemId=CMP-1035-02779-1 New DesignItemId=CMP-1035-02679-1
Change Component DesignItemId : Designator=C34 Old DesignItemId=CMP-1036-04932-1 New DesignItemId=CMP-1035-02463-1
Change Component DesignItemId : Designator=C30 Old DesignItemId=CMP-1036-04932-1 New DesignItemId=CMP-1035-02762-1
Change Component DesignItemId : Designator=C29 Old DesignItemId=CMP-1037-04995-1 New DesignItemId=CMP-1035-02730-1
Change Component DesignItemId : Designator=C36 Old DesignItemId=CMP-1042-00782-1 New DesignItemId=CMP-1035-02018-1
Change Component DesignItemId : Designator=C41 Old DesignItemId=CMP-1042-00782-1 New DesignItemId=CMP-1035-02591-1
Change Component DesignItemId : Designator=C40 Old DesignItemId=CMP-1042-00782-1 New DesignItemId=CMP-1035-02740-1
Change Component DesignItemId : Designator=D3 Old DesignItemId=CMP-1182-00005-1 New DesignItemId=SBR0560S1
Change Component DesignItemId : Designator=Q17 Old DesignItemId=IRFS7530 New DesignItemId=MOSFET-N
Change Component DesignItemId : Designator=U6 Old DesignItemId=LTC3769 New DesignItemId=LTC2480
Change Component DesignItemId : Designator=L2 Old DesignItemId=SDR1307-331KL New DesignItemId=SDR0805-180ML
Change Component DesignItemId : Designator=D4 Old DesignItemId=V12W60C New DesignItemId=CMP-1055-00339-1
Change Component Footprint: Designator=C21 Old Footprint=AVX-CAPC7343_V New Footprint=CAPC1210(3225)280_N
Change Component Footprint: Designator=C18 Old Footprint=CAP 180UF 50V New Footprint=CAPC1206(3216)190_M
Change Component Footprint: Designator=C19 Old Footprint=CAP 300uF 6.3V New Footprint=CAPC0805(2012)145_N
Change Component Footprint: Designator=C22 Old Footprint=CAPC0603(1608)55_L New Footprint=CAPC0603(1608)55_M
Change Component Footprint: Designator=C43 Old Footprint=CAPC0603(1608)55_L New Footprint=CAPC0603(1608)55_M
Change Component Footprint: Designator=C38 Old Footprint=CAPC0603(1608)55_L New Footprint=CAPC0603(1608)100_L
Change Component Footprint: Designator=C20 Old Footprint=CAPC0603(1608)55_N New Footprint=CAPC1210(3225)280_N
Change Component Footprint: Designator=C35 Old Footprint=CAPC0603(1608)100_L New Footprint=CAPC0603(1608)55_L
Change Component Footprint: Designator=C30 Old Footprint=CAPC0805(2012)145_L New Footprint=CAPC0603(1608)55_N
Change Component Footprint: Designator=C34 Old Footprint=CAPC0805(2012)145_L New Footprint=CAPC0603(1608)100_L
Change Component Footprint: Designator=C29 Old Footprint=CAPC1206(3216)190_L New Footprint=CAPC0603(1608)100_L
Change Component Footprint: Designator=C36 Old Footprint=CAPC2220(5750)230_L New Footprint=CAPC0603(1608)100_L
Change Component Footprint: Designator=C40 Old Footprint=CAPC2220(5750)230_L New Footprint=CAPC0603(1608)100_L
Change Component Footprint: Designator=C41 Old Footprint=CAPC2220(5750)230_L New Footprint=CAPC0603(1608)100_L
Change Component Footprint: Designator=Q17 Old Footprint=DPAK127P1525X483-7N New Footprint=SOIC127P600X175-8N
Change Component Footprint: Designator=D4 Old Footprint=DPAK229P1003X238-3N New Footprint=ONSC-SMB-2-403A-03_H_V
Change Component Footprint: Designator=D3 Old Footprint=INF-SOD323_V New Footprint=SOD-123
Change Component Footprint: Designator=U8 Old Footprint=LT-SW-20_L New Footprint=LT-SW-20_M
Change Component Footprint: Designator=D2 Old Footprint=ONSC-SMA-2-403D-02_V New Footprint=SMB
Change Component Footprint: Designator=R50 Old Footprint=RESC0603(1608)_L New Footprint=RESC0603(1608)_M
Change Component Footprint: Designator=R53 Old Footprint=RESC0603(1608)_L New Footprint=RESC1206(3216)_L
Change Component Footprint: Designator=R52 Old Footprint=RESC2010(5025)_L New Footprint=RESC1206(3216)_L
Change Component Footprint: Designator=R71 Old Footprint=RESC2512(6432)_L New Footprint=RESC2512(6432)_N
Change Component Footprint: Designator=U7 Old Footprint=RU_16 New Footprint=QFN38
Change Component Footprint: Designator=L2 Old Footprint=SDR1307 New Footprint=SDR0805-180ML
Change Component Footprint: Designator=U6 Old Footprint=TSOP65P640X120_HS-21N New Footprint=MSOP10
Change Component Comment : Designator=C19 Old Comment= New Comment=4.7uF
Change Component Comment : Designator=C18 Old Comment= New Comment=10uF
Change Component Comment : Designator=L3 Old Comment= New Comment=22uH
Change Component Comment : Designator=Q16 Old Comment= New Comment=MOSFET-N
Change Component Comment : Designator=L2 Old Comment= New Comment=SDR0805-180ML
Change Component Comment : Designator=C32 Old Comment=0.1uF New Comment=1uF
Change Component Comment : Designator=R52 Old Comment=0.008R New Comment=0.004R
Change Component Comment : Designator=C20 Old Comment=2.2uF New Comment=100uF
Change Component Comment : Designator=C38 Old Comment=4.7uF New Comment=0.33uF
Change Component Comment : Designator=C30 Old Comment=10uF New Comment=2.2uF
Change Component Comment : Designator=C34 Old Comment=10uF New Comment=33nF
Change Component Comment : Designator=R54 Old Comment=12K4 New Comment=33K
Change Component Comment : Designator=R56 Old Comment=15K New Comment=107K
Change Component Comment : Designator=C39 Old Comment=15nF New Comment=1.5nF
Change Component Comment : Designator=C41 Old Comment=22uF New Comment=0.1uF
Change Component Comment : Designator=C40 Old Comment=22uF New Comment=1uF
Change Component Comment : Designator=C36 Old Comment=22uF New Comment=2nF
Change Component Comment : Designator=C29 Old Comment=47uF New Comment=1uF
Change Component Comment : Designator=R57 Old Comment=100K New Comment=1M74
Change Component Comment : Designator=C31 Old Comment=100nF New Comment=100uF
Change Component Comment : Designator=C37 Old Comment=100nF New Comment=680pF
Change Component Comment : Designator=C35 Old Comment=180pF New Comment=4.7uF
Change Component Comment : Designator=R53 Old Comment=232K New Comment=0.004R
Change Component Comment : Designator=R55 Old Comment=464K New Comment=107K
Change Component Comment : Designator=U7 Old Comment=AD5761R New Comment=LTC4020EUHF
Change Component Comment : Designator=D3 Old Comment=BAS170W New Comment=SBR0560S1
Change Component Comment : Designator=Q17 Old Comment=IRFS7530 New Comment=MOSFET-N
Change Component Comment : Designator=U2 Old Comment=LM2575HV New Comment=LTC3637
Change Component Comment : Designator=U6 Old Comment=LTC3769 New Comment=LTC2480
Change Component Comment : Designator=D2 Old Comment=MURA130T3G New Comment=
Change Component Comment : Designator=D4 Old Comment=V12W60C New Comment=MBRS360
Change Component Description : Designator=R54 Old Description=12K4 0.1W 1% 0603 (1608 Metric)  SMD New Description=33K 0.1W 1% 0603 (1608 Metric)  SMD
Change Component Description : Designator=R56 Old Description=15K 0.1W 5% 0603 (1608 Metric)  SMD New Description=110K 0.1W 5% 0603 (1608 Metric)  SMD
Change Component Description : Designator=R57 Old Description=100K 0.1W 5% 0603 (1608 Metric)  SMD New Description=1M8 0.1W 5% 0603 (1608 Metric)  SMD
Change Component Description : Designator=R55 Old Description=464K 0.1W 1% 0603 (1608 Metric)  SMD New Description=110K 0.1W 5% 0603 (1608 Metric)  SMD
Change Component Description : Designator=C39 Old Description=CAP 15nF 6.3V ±5% 0603 (1608 Metric) Thickness 1mm SMD New Description=CAP 1.5nF 6.3V ±5% 0603 (1608 Metric) Thickness 1mm SMD
Change Component Description : Designator=C32 Old Description=CAP 100nF 6.3V ±5% 0603 (1608 Metric) Thickness 1mm SMD New Description=CAP 1uF 25V ±10% 0603 (1608 Metric) Thickness 1mm SMD
Change Component Description : Designator=C31 Old Description=CAP 100nF 25V ±5% 0603 (1608 Metric) Thickness 1mm SMD New Description=
Change Component Description : Designator=C37 Old Description=CAP 100nF 25V ±5% 0603 (1608 Metric) Thickness 1mm SMD New Description=CAP 680pF 6.3V ±5% 0603 (1608 Metric) Thickness 1mm SMD
Change Component Description : Designator=U2 Old Description=SIMPLE SWITCHER® 1A Step-Down Voltage Regulator, 5-pin TO-263, Pb-Free New Description=
Change Component Library : Designator=C31 Old Library=Altium Content Vault New Library=Components.SchLib
Change Component Library : Designator=U2 Old Library=Altium Content Vault New Library=Components.SchLib
Change Component Library : Designator=U4 Old Library=Components.SchLib New Library=Components.IntLib
Added Component: Designator=D19(SOD-123)
Added Component: Designator=D20(ONSC-SOT-23-3-318-08_V)
Added Component: Designator=Q18(SOIC127P600X175-8N)
Added Component: Designator=Q19(SOIC127P600X175-8N)
Added Component: Designator=R5(RESC0603(1608)_L)
Added Component: Designator=R58(RESC0603(1608)_L)
Added Component: Designator=R59(RESC0603(1608)_L)
Added Component: Designator=R60(RESC0603(1608)_L)
Added Component: Designator=R61(RESC2010(5025)_L)
Added Pin To Net: NetName=GND Pin=C18-1
Added Pin To Net: NetName=VDD Pin=C18-2
Added Pin To Net: NetName=VDD Pin=C19-1
Added Pin To Net: NetName=GND Pin=C20-1
Added Pin To Net: NetName=GND Pin=C21-1
Added Pin To Net: NetName=GND Pin=C28-1
Added Pin To Net: NetName=VCC Pin=C28-2
Added Pin To Net: NetName=GND Pin=C29-1
Added Pin To Net: NetName=VCC Pin=C29-2
Added Pin To Net: NetName=VCC Pin=C30-1
Added Pin To Net: NetName=GND Pin=C30-2
Added Pin To Net: NetName=VCC Pin=C31-1
Added Pin To Net: NetName=GND Pin=C31-2
Added Pin To Net: NetName=VDD Pin=C33-1
Added Pin To Net: NetName=GND Pin=C34-2
Added Pin To Net: NetName=GND Pin=C35-1
Added Pin To Net: NetName=GND Pin=C37-2
Added Pin To Net: NetName=VDD Pin=C41-2
Added Pin To Net: NetName=GND Pin=D2-1
Added Pin To Net: NetName=NetC32_1 Pin=D3-1
Added Pin To Net: NetName=NetC32_2 Pin=L3-1
Added Pin To Net: NetName=NetC32_2 Pin=Q15-1
Added Pin To Net: NetName=NetC32_2 Pin=Q15-1
Added Pin To Net: NetName=NetC32_2 Pin=Q15-1
Added Pin To Net: NetName=NetC32_2 Pin=Q16-3
Added Pin To Net: NetName=NetC32_2 Pin=Q16-3
Added Pin To Net: NetName=NetC32_2 Pin=Q16-3
Added Pin To Net: NetName=NetC32_2 Pin=Q16-3
Added Pin To Net: NetName=GND Pin=Q18-1
Added Pin To Net: NetName=GND Pin=Q18-1
Added Pin To Net: NetName=GND Pin=Q18-1
Added Pin To Net: NetName=VDD Pin=Q19-3
Added Pin To Net: NetName=VDD Pin=Q19-3
Added Pin To Net: NetName=VDD Pin=Q19-3
Added Pin To Net: NetName=VDD Pin=Q19-3
Added Pin To Net: NetName=GND Pin=R5-2
Added Pin To Net: NetName=GND Pin=R53-1
Added Pin To Net: NetName=NetC39_1 Pin=R57-1
Added Pin To Net: NetName=NetC38_2 Pin=R58-1
Added Pin To Net: NetName=VDD Pin=R60-2
Added Pin To Net: NetName=VDD Pin=U2-3
Added Pin To Net: NetName=VCC Pin=U6-1
Added Pin To Net: NetName=VCC Pin=U6-2
Added Pin To Net: NetName=GND Pin=U6-5
Added Pin To Net: NetName=GND Pin=U6-7
Added Pin To Net: NetName=NetQ15_1 Pin=U7-1
Added Pin To Net: NetName=NetC32_1 Pin=U7-2
Added Pin To Net: NetName=GND Pin=U7-3
Added Pin To Net: NetName=GND Pin=U7-4
Added Pin To Net: NetName=C+ Pin=U7-7
Added Pin To Net: NetName=NetU3_9 Pin=U7-9
Added Pin To Net: NetName=C+ Pin=U7-10
Added Pin To Net: NetName=GND Pin=U7-14
Added Pin To Net: NetName=NetC39_1 Pin=U7-19
Added Pin To Net: NetName=VDD Pin=U7-20
Added Pin To Net: NetName=NetC38_2 Pin=U7-23
Added Pin To Net: NetName=NetC39_1 Pin=U7-26
Added Pin To Net: NetName=GND Pin=U7-29
Added Pin To Net: NetName=GND Pin=U7-35
Added Pin To Net: NetName=C+ Pin=U7-36
Added Pin To Net: NetName=NetQ16_1 Pin=U7-37
Added Pin To Net: NetName=NetC32_2 Pin=U7-38
Added Pin To Net: NetName=GND Pin=U7-39
Added Pin To Net: NetName=5V Pin=C20-2
Added Pin To Net: NetName=5V Pin=C21-2
Added Pin To Net: NetName=5V Pin=L2-2
Added Pin To Net: NetName=5V Pin=U4-3
Added Net: Name=5V
Added Pin To Net: NetName=NetC34_1 Pin=C34-1
Added Pin To Net: NetName=NetC34_1 Pin=Q16-1
Added Pin To Net: NetName=NetC34_1 Pin=Q16-1
Added Pin To Net: NetName=NetC34_1 Pin=Q16-1
Added Pin To Net: NetName=NetC34_1 Pin=R53-2
Added Pin To Net: NetName=NetC34_1 Pin=U7-5
Added Net: Name=NetC34_1
Added Pin To Net: NetName=NetC35_2 Pin=C35-2
Added Pin To Net: NetName=NetC35_2 Pin=D3-2
Added Pin To Net: NetName=NetC35_2 Pin=D19-2
Added Pin To Net: NetName=NetC35_2 Pin=U7-34
Added Net: Name=NetC35_2
Added Pin To Net: NetName=NetC36_1 Pin=C36-1
Added Pin To Net: NetName=NetC36_1 Pin=U7-24
Added Net: Name=NetC36_1
Added Pin To Net: NetName=NetC36_2 Pin=C36-2
Added Pin To Net: NetName=NetC36_2 Pin=U7-27
Added Net: Name=NetC36_2
Added Pin To Net: NetName=NetC37_1 Pin=C37-1
Added Pin To Net: NetName=NetC37_1 Pin=R54-2
Added Net: Name=NetC37_1
Added Pin To Net: NetName=NetC38_1 Pin=C38-1
Added Pin To Net: NetName=NetC38_1 Pin=R59-1
Added Pin To Net: NetName=NetC38_1 Pin=U7-22
Added Net: Name=NetC38_1
Added Pin To Net: NetName=NetC39_2 Pin=C39-2
Added Pin To Net: NetName=NetC39_2 Pin=D4-1
Added Pin To Net: NetName=NetC39_2 Pin=Q17-3
Added Pin To Net: NetName=NetC39_2 Pin=Q17-3
Added Pin To Net: NetName=NetC39_2 Pin=Q17-3
Added Pin To Net: NetName=NetC39_2 Pin=Q17-3
Added Pin To Net: NetName=NetC39_2 Pin=R57-2
Added Pin To Net: NetName=NetC39_2 Pin=R58-2
Added Pin To Net: NetName=NetC39_2 Pin=R61-2
Added Net: Name=NetC39_2
Added Pin To Net: NetName=NetC40_1 Pin=C40-1
Added Pin To Net: NetName=NetC40_1 Pin=D19-1
Added Pin To Net: NetName=NetC40_1 Pin=D20-3
Added Pin To Net: NetName=NetC40_1 Pin=U7-30
Added Net: Name=NetC40_1
Added Pin To Net: NetName=NetC40_2 Pin=C40-2
Added Pin To Net: NetName=NetC40_2 Pin=D20-1
Added Pin To Net: NetName=NetC40_2 Pin=Q18-2
Added Pin To Net: NetName=NetC40_2 Pin=U7-33
Added Net: Name=NetC40_2
Added Pin To Net: NetName=NetD2_2 Pin=D2-2
Added Pin To Net: NetName=NetD2_2 Pin=L2-1
Added Pin To Net: NetName=NetD2_2 Pin=U2-1
Added Net: Name=NetD2_2
Added Pin To Net: NetName=NetD4_2 Pin=D4-2
Added Pin To Net: NetName=NetD4_2 Pin=L3-2
Added Pin To Net: NetName=NetD4_2 Pin=Q17-1
Added Pin To Net: NetName=NetD4_2 Pin=Q17-1
Added Pin To Net: NetName=NetD4_2 Pin=Q17-1
Added Pin To Net: NetName=NetD4_2 Pin=Q18-3
Added Pin To Net: NetName=NetD4_2 Pin=Q18-3
Added Pin To Net: NetName=NetD4_2 Pin=Q18-3
Added Pin To Net: NetName=NetD4_2 Pin=Q18-3
Added Pin To Net: NetName=NetD4_2 Pin=U7-32
Added Net: Name=NetD4_2
Added Pin To Net: NetName=NetQ15_2 Pin=Q15-3
Added Pin To Net: NetName=NetQ15_2 Pin=Q15-3
Added Pin To Net: NetName=NetQ15_2 Pin=Q15-3
Added Pin To Net: NetName=NetQ15_2 Pin=Q15-3
Added Pin To Net: NetName=NetQ15_2 Pin=R52-1
Added Pin To Net: NetName=NetQ15_2 Pin=U7-6
Added Net: Name=NetQ15_2
Added Pin To Net: NetName=NetQ17_1 Pin=Q17-2
Added Pin To Net: NetName=NetQ17_1 Pin=U7-31
Added Net: Name=NetQ17_1
Added Pin To Net: NetName=NetQ19_1 Pin=Q19-2
Added Pin To Net: NetName=NetQ19_1 Pin=U7-21
Added Net: Name=NetQ19_1
Added Pin To Net: NetName=NetQ19_2 Pin=Q19-1
Added Pin To Net: NetName=NetQ19_2 Pin=Q19-1
Added Pin To Net: NetName=NetQ19_2 Pin=Q19-1
Added Pin To Net: NetName=NetQ19_2 Pin=R59-2
Added Pin To Net: NetName=NetQ19_2 Pin=R61-1
Added Net: Name=NetQ19_2
Added Pin To Net: NetName=NetR5_1 Pin=R5-1
Added Pin To Net: NetName=NetR5_1 Pin=U7-8
Added Net: Name=NetR5_1
Added Pin To Net: NetName=NetR54_1 Pin=R54-1
Added Pin To Net: NetName=NetR54_1 Pin=U7-28
Added Net: Name=NetR54_1
Added Pin To Net: NetName=NetR55_1 Pin=R55-1
Added Pin To Net: NetName=NetR55_1 Pin=R56-1
Added Pin To Net: NetName=NetR55_1 Pin=U7-18
Added Net: Name=NetR55_1
Added Pin To Net: NetName=NetR55_2 Pin=R55-2
Added Pin To Net: NetName=NetR55_2 Pin=R60-1
Added Pin To Net: NetName=NetR55_2 Pin=U7-17
Added Net: Name=NetR55_2
Added Net: Name=NetU2_7
Added Pin To Net: NetName=NetU5_5 Pin=U5-5
Added Pin To Net: NetName=NetU5_5 Pin=U6-3
Added Net: Name=NetU5_5
Added Member To Class: ClassName=U_MCU Member=Component C28 0.1uF
Added Member To Class: ClassName=U_MCU Member=Component C29 1uF
Added Member To Class: ClassName=U_MCU Member=Component C30 2.2uF
Added Member To Class: ClassName=U_MCU Member=Component C31 100uF
Added Member To Class: ClassName=U_Charging Member=Component D19 SBR0560S1
Added Member To Class: ClassName=U_Charging Member=Component D20 BZX84C6V2L
Added Member To Class: ClassName=U_Charging Member=Component Q18 MOSFET-N
Added Member To Class: ClassName=U_Charging Member=Component Q19 MOSFET-P
Added Member To Class: ClassName=U_Charging Member=Component R5 120K
Added Member To Class: ClassName=U_Charging Member=Component R58 100R
Added Member To Class: ClassName=U_Charging Member=Component R59 100R
Added Member To Class: ClassName=U_Charging Member=Component R60 1M74
Added Member To Class: ClassName=U_Charging Member=Component R61 0.0082R
Added Member To Class: ClassName=U_MCU Member=Component U6 LTC2480
