Change Component DesignItemId : Designator=L1 Old DesignItemId=CMP-0686-00740-1 New DesignItemId=CMP-0686-00740-2
Change Component Footprint: Designator=C22 Old Footprint=CAPC0603(1608)55_L New Footprint=CAPC0603(1608)55_M
Change Component Footprint: Designator=C38 Old Footprint=CAPC0603(1608)55_L New Footprint=CAPC0603(1608)55_M
Change Component Footprint: Designator=C43 Old Footprint=CAPC0603(1608)55_L New Footprint=CAPC0603(1608)55_M
Change Component Footprint: Designator=C28 Old Footprint=CAPC0603(1608)100_L New Footprint=CAPC0603(1608)100_M
Change Component Footprint: Designator=C32 Old Footprint=CAPC0603(1608)100_L New Footprint=CAPC0603(1608)100_M
Change Component Footprint: Designator=C35 Old Footprint=CAPC0603(1608)100_L New Footprint=CAPC0603(1608)100_M
Change Component Footprint: Designator=C31 Old Footprint=CAPC0603(1608)100_L New Footprint=CAPC0603(1608)100_N
Change Component Footprint: Designator=C37 Old Footprint=CAPC0603(1608)100_L New Footprint=CAPC0603(1608)100_N
Change Component Footprint: Designator=C30 Old Footprint=CAPC0805(2012)145_L New Footprint=CAPC0805(2012)145_N
Change Component Footprint: Designator=C34 Old Footprint=CAPC0805(2012)145_L New Footprint=CAPC0805(2012)145_N
Change Component Footprint: Designator=C29 Old Footprint=CAPC1206(3216)190_L New Footprint=CAPC1206(3216)190_M
Change Component Footprint: Designator=C36 Old Footprint=CAPC2220(5750)230_L New Footprint=CAPC2220(5750)230_N
Change Component Footprint: Designator=C40 Old Footprint=CAPC2220(5750)230_L New Footprint=CAPC2220(5750)230_N
Change Component Footprint: Designator=C41 Old Footprint=CAPC2220(5750)230_L New Footprint=CAPC2220(5750)230_N
Change Component Footprint: Designator=C42 Old Footprint=CAPC2220(5750)230_L New Footprint=CAPC2220(5750)230_N
Change Component Footprint: Designator=L1 Old Footprint=MURA-BLM31-B60-CHIP-2_V1 New Footprint=MURA-BLM31-B60-CHIP-2_V1
Change Component Footprint: Designator=R50 Old Footprint=RESC0603(1608)_L New Footprint=RESC0603(1608)_M
Change Component Footprint: Designator=R54 Old Footprint=RESC0603(1608)_L New Footprint=RESC0603(1608)_M
Change Component Footprint: Designator=R55 Old Footprint=RESC0603(1608)_L New Footprint=RESC0603(1608)_M
Change Component Footprint: Designator=R56 Old Footprint=RESC0603(1608)_L New Footprint=RESC0603(1608)_M
Change Component Footprint: Designator=R61 Old Footprint=RESC0603(1608)_L New Footprint=RESC0603(1608)_M
Change Component Footprint: Designator=R68 Old Footprint=RESC0603(1608)_L New Footprint=RESC0603(1608)_M
Change Component Footprint: Designator=R5 Old Footprint=RESC0603(1608)_L New Footprint=RESC0603(1608)_N
Change Component Footprint: Designator=R53 Old Footprint=RESC0603(1608)_L New Footprint=RESC0603(1608)_N
Change Component Footprint: Designator=R57 Old Footprint=RESC0603(1608)_L New Footprint=RESC0603(1608)_N
Change Component Footprint: Designator=R60 Old Footprint=RESC0603(1608)_L New Footprint=RESC0603(1608)_N
Change Component Footprint: Designator=R62 Old Footprint=RESC0603(1608)_L New Footprint=RESC0603(1608)_N
Change Component Footprint: Designator=R64 Old Footprint=RESC0603(1608)_L New Footprint=RESC0603(1608)_N
Change Component Footprint: Designator=R67 Old Footprint=RESC0603(1608)_L New Footprint=RESC0603(1608)_N
Change Component Footprint: Designator=R69 Old Footprint=RESC0603(1608)_L New Footprint=RESC0603(1608)_N
Change Component Footprint: Designator=R71 Old Footprint=RESC2512(6432)_L New Footprint=RESC2512(6432)_N
