Removed Pin From Net: NetName=GND Pin=Q19-1
Removed Pin From Net: NetName=NetQ19_2 Pin=Q19-2
Removed Pin From Net: NetName=NetQ1_2 Pin=R15-2
Removed Pin From Net: NetName=NetQ2_2 Pin=R17-2
Removed Pin From Net: NetName=NetQ3_2 Pin=R19-2
Removed Pin From Net: NetName=NetQ4_2 Pin=R21-2
Removed Pin From Net: NetName=NetQ5_2 Pin=R23-2
Removed Pin From Net: NetName=NetQ6_2 Pin=R25-2
Removed Pin From Net: NetName=NetQ7_2 Pin=R27-2
Removed Pin From Net: NetName=NetQ8_2 Pin=R29-2
Removed Pin From Net: NetName=NetQ9_2 Pin=R31-2
Removed Pin From Net: NetName=NetQ10_2 Pin=R33-2
Removed Pin From Net: NetName=NetQ11_2 Pin=R35-2
Removed Pin From Net: NetName=NetQ12_2 Pin=R37-2
Removed Pin From Net: NetName=NetQ1_1 Pin=R38-2
Removed Pin From Net: NetName=NetQ2_1 Pin=R39-2
Removed Pin From Net: NetName=NetQ3_1 Pin=R40-2
Removed Pin From Net: NetName=NetQ4_1 Pin=R41-2
Removed Pin From Net: NetName=NetQ5_1 Pin=R42-2
Removed Pin From Net: NetName=NetQ6_1 Pin=R43-2
Removed Pin From Net: NetName=NetQ7_1 Pin=R44-2
Removed Pin From Net: NetName=NetQ8_1 Pin=R45-2
Removed Pin From Net: NetName=NetQ9_1 Pin=R46-2
Removed Pin From Net: NetName=NetQ10_1 Pin=R47-2
Removed Pin From Net: NetName=NetQ11_1 Pin=R48-2
Removed Pin From Net: NetName=NetQ12_1 Pin=R49-2
Change Component Comment : Designator=Q1 Old Comment= New Comment=MOSFET-P
Change Component Comment : Designator=Q2 Old Comment= New Comment=MOSFET-P
Change Component Comment : Designator=Q3 Old Comment= New Comment=MOSFET-P
Change Component Comment : Designator=Q4 Old Comment= New Comment=MOSFET-P
Change Component Comment : Designator=Q5 Old Comment= New Comment=MOSFET-P
Change Component Comment : Designator=Q6 Old Comment= New Comment=MOSFET-P
Change Component Comment : Designator=Q7 Old Comment= New Comment=MOSFET-P
Change Component Comment : Designator=Q8 Old Comment= New Comment=MOSFET-P
Change Component Comment : Designator=Q9 Old Comment= New Comment=MOSFET-P
Change Component Comment : Designator=Q10 Old Comment= New Comment=MOSFET-P
Change Component Comment : Designator=Q11 Old Comment= New Comment=MOSFET-P
Change Component Comment : Designator=Q12 Old Comment= New Comment=MOSFET-P
Added Pin To Net: NetName=NetQ19_2 Pin=Q19-1
Added Pin To Net: NetName=GND Pin=Q19-2
Added Pin To Net: NetName=NetQ1_1 Pin=R15-2
Added Pin To Net: NetName=NetQ2_1 Pin=R17-2
Added Pin To Net: NetName=NetQ3_1 Pin=R19-2
Added Pin To Net: NetName=NetQ4_1 Pin=R21-2
Added Pin To Net: NetName=NetQ5_1 Pin=R23-2
Added Pin To Net: NetName=NetQ6_1 Pin=R25-2
Added Pin To Net: NetName=NetQ7_1 Pin=R27-2
Added Pin To Net: NetName=NetQ8_1 Pin=R29-2
Added Pin To Net: NetName=NetQ9_1 Pin=R31-2
Added Pin To Net: NetName=NetQ10_1 Pin=R33-2
Added Pin To Net: NetName=NetQ11_1 Pin=R35-2
Added Pin To Net: NetName=NetQ12_1 Pin=R37-2
Added Pin To Net: NetName=NetQ1_2 Pin=R38-2
Added Pin To Net: NetName=NetQ2_2 Pin=R39-2
Added Pin To Net: NetName=NetQ3_2 Pin=R40-2
Added Pin To Net: NetName=NetQ4_2 Pin=R41-2
Added Pin To Net: NetName=NetQ5_2 Pin=R42-2
Added Pin To Net: NetName=NetQ6_2 Pin=R43-2
Added Pin To Net: NetName=NetQ7_2 Pin=R44-2
Added Pin To Net: NetName=NetQ8_2 Pin=R45-2
Added Pin To Net: NetName=NetQ9_2 Pin=R46-2
Added Pin To Net: NetName=NetQ10_2 Pin=R47-2
Added Pin To Net: NetName=NetQ11_2 Pin=R48-2
Added Pin To Net: NetName=NetQ12_2 Pin=R49-2
Added Pin To Net: NetName=NetU6_1 Pin=U6-2
Change Net Name : Old Net Name=NetQ19_2 New Net Name=NetQ19_1
